[00:00:41] [Server thread/ERROR]: Could not pass event InventoryClickEvent to MenuReport v8.8.1
java.lang.NoSuchMethodError: 'java.lang.String org.bukkit.inventory.Inventory.getName()'
	at report.fede.Main.click(Main.java:425) ~[MenuReport.jar:?]
	at com.destroystokyo.paper.event.executor.asm.generated.GeneratedEventExecutor139.execute(Unknown Source) ~[?:?]
	at org.bukkit.plugin.EventExecutor$2.execute(EventExecutor.java:77) ~[paper-api-1.20.1-R0.1-SNAPSHOT.jar:?]
	at co.aikar.timings.TimedEventExecutor.execute(TimedEventExecutor.java:81) ~[paper-api-1.20.1-R0.1-SNAPSHOT.jar:git-Paper-196]
	at org.bukkit.plugin.RegisteredListener.callEvent(RegisteredListener.java:70) ~[paper-api-1.20.1-R0.1-SNAPSHOT.jar:?]
	at io.papermc.paper.plugin.manager.PaperEventManager.callEvent(PaperEventManager.java:54) ~[paper-1.20.1.jar:git-Paper-196]
	at io.papermc.paper.plugin.manager.PaperPluginManagerImpl.callEvent(PaperPluginManagerImpl.java:126) ~[paper-1.20.1.jar:git-Paper-196]
	at org.bukkit.plugin.SimplePluginManager.callEvent(SimplePluginManager.java:615) ~[paper-api-1.20.1-R0.1-SNAPSHOT.jar:?]
	at net.minecraft.server.network.ServerGamePacketListenerImpl.handleContainerClick(ServerGamePacketListenerImpl.java:3237) ~[?:?]
	at net.minecraft.network.protocol.game.ServerboundContainerClickPacket.handle(ServerboundContainerClickPacket.java:58) ~[?:?]
	at net.minecraft.network.protocol.game.ServerboundContainerClickPacket.handle(ServerboundContainerClickPacket.java:23) ~[?:?]
	at net.minecraft.network.protocol.PacketUtils.lambda$ensureRunningOnSameThread$0(PacketUtils.java:51) ~[?:?]
	at net.minecraft.server.TickTask.run(TickTask.java:18) ~[paper-1.20.1.jar:git-Paper-196]
	at net.minecraft.util.thread.BlockableEventLoop.doRunTask(BlockableEventLoop.java:153) ~[?:?]
	at net.minecraft.util.thread.ReentrantBlockableEventLoop.doRunTask(ReentrantBlockableEventLoop.java:24) ~[?:?]
	at net.minecraft.server.MinecraftServer.doRunTask(MinecraftServer.java:1338) ~[paper-1.20.1.jar:git-Paper-196]
	at net.minecraft.server.MinecraftServer.d(MinecraftServer.java:197) ~[paper-1.20.1.jar:git-Paper-196]
	at net.minecraft.util.thread.BlockableEventLoop.pollTask(BlockableEventLoop.java:126) ~[?:?]
	at net.minecraft.server.MinecraftServer.pollTaskInternal(MinecraftServer.java:1315) ~[paper-1.20.1.jar:git-Paper-196]
	at net.minecraft.server.MinecraftServer.pollTask(MinecraftServer.java:1308) ~[paper-1.20.1.jar:git-Paper-196]
	at net.minecraft.util.thread.BlockableEventLoop.managedBlock(BlockableEventLoop.java:136) ~[?:?]
	at net.minecraft.server.MinecraftServer.waitUntilNextTick(MinecraftServer.java:1286) ~[paper-1.20.1.jar:git-Paper-196]
	at net.minecraft.server.MinecraftServer.runServer(MinecraftServer.java:1174) ~[paper-1.20.1.jar:git-Paper-196]
	at net.minecraft.server.MinecraftServer.lambda$spin$0(MinecraftServer.java:317) ~[paper-1.20.1.jar:git-Paper-196]
	at java.lang.Thread.run(Thread.java:840) ~[?:?]
[00:01:59] [Server thread/ERROR]: Could not pass event InventoryClickEvent to MenuReport v8.8.1
java.lang.NoSuchMethodError: 'java.lang.String org.bukkit.inventory.Inventory.getName()'
	at report.fede.Main.click(Main.java:425) ~[MenuReport.jar:?]
	at com.destroystokyo.paper.event.executor.asm.generated.GeneratedEventExecutor139.execute(Unknown Source) ~[?:?]
	at org.bukkit.plugin.EventExecutor$2.execute(EventExecutor.java:77) ~[paper-api-1.20.1-R0.1-SNAPSHOT.jar:?]
	at co.aikar.timings.TimedEventExecutor.execute(TimedEventExecutor.java:81) ~[paper-api-1.20.1-R0.1-SNAPSHOT.jar:git-Paper-196]
	at org.bukkit.plugin.RegisteredListener.callEvent(RegisteredListener.java:70) ~[paper-api-1.20.1-R0.1-SNAPSHOT.jar:?]
	at io.papermc.paper.plugin.manager.PaperEventManager.callEvent(PaperEventManager.java:54) ~[paper-1.20.1.jar:git-Paper-196]
	at io.papermc.paper.plugin.manager.PaperPluginManagerImpl.callEvent(PaperPluginManagerImpl.java:126) ~[paper-1.20.1.jar:git-Paper-196]
	at org.bukkit.plugin.SimplePluginManager.callEvent(SimplePluginManager.java:615) ~[paper-api-1.20.1-R0.1-SNAPSHOT.jar:?]
	at net.minecraft.server.network.ServerGamePacketListenerImpl.handleContainerClick(ServerGamePacketListenerImpl.java:3237) ~[?:?]
	at net.minecraft.network.protocol.game.ServerboundContainerClickPacket.handle(ServerboundContainerClickPacket.java:58) ~[?:?]
	at net.minecraft.network.protocol.game.ServerboundContainerClickPacket.handle(ServerboundContainerClickPacket.java:23) ~[?:?]
	at net.minecraft.network.protocol.PacketUtils.lambda$ensureRunningOnSameThread$0(PacketUtils.java:51) ~[?:?]
	at net.minecraft.server.TickTask.run(TickTask.java:18) ~[paper-1.20.1.jar:git-Paper-196]
	at net.minecraft.util.thread.BlockableEventLoop.doRunTask(BlockableEventLoop.java:153) ~[?:?]
	at net.minecraft.util.thread.ReentrantBlockableEventLoop.doRunTask(ReentrantBlockableEventLoop.java:24) ~[?:?]
	at net.minecraft.server.MinecraftServer.doRunTask(MinecraftServer.java:1338) ~[paper-1.20.1.jar:git-Paper-196]
	at net.minecraft.server.MinecraftServer.d(MinecraftServer.java:197) ~[paper-1.20.1.jar:git-Paper-196]
	at net.minecraft.util.thread.BlockableEventLoop.pollTask(BlockableEventLoop.java:126) ~[?:?]
	at net.minecraft.server.MinecraftServer.pollTaskInternal(MinecraftServer.java:1315) ~[paper-1.20.1.jar:git-Paper-196]
	at net.minecraft.server.MinecraftServer.pollTask(MinecraftServer.java:1308) ~[paper-1.20.1.jar:git-Paper-196]
	at net.minecraft.util.thread.BlockableEventLoop.managedBlock(BlockableEventLoop.java:136) ~[?:?]
	at net.minecraft.server.MinecraftServer.waitUntilNextTick(MinecraftServer.java:1286) ~[paper-1.20.1.jar:git-Paper-196]
	at net.minecraft.server.MinecraftServer.runServer(MinecraftServer.java:1174) ~[paper-1.20.1.jar:git-Paper-196]
	at net.minecraft.server.MinecraftServer.lambda$spin$0(MinecraftServer.java:317) ~[paper-1.20.1.jar:git-Paper-196]
	at java.lang.Thread.run(Thread.java:840) ~[?:?]
[00:01:59] [Server thread/ERROR]: Could not pass event InventoryClickEvent to MenuReport v8.8.1
java.lang.NoSuchMethodError: 'java.lang.String org.bukkit.inventory.Inventory.getName()'
	at report.fede.Main.click(Main.java:425) ~[MenuReport.jar:?]
	at com.destroystokyo.paper.event.executor.asm.generated.GeneratedEventExecutor139.execute(Unknown Source) ~[?:?]
	at org.bukkit.plugin.EventExecutor$2.execute(EventExecutor.java:77) ~[paper-api-1.20.1-R0.1-SNAPSHOT.jar:?]
	at co.aikar.timings.TimedEventExecutor.execute(TimedEventExecutor.java:81) ~[paper-api-1.20.1-R0.1-SNAPSHOT.jar:git-Paper-196]
	at org.bukkit.plugin.RegisteredListener.callEvent(RegisteredListener.java:70) ~[paper-api-1.20.1-R0.1-SNAPSHOT.jar:?]
	at io.papermc.paper.plugin.manager.PaperEventManager.callEvent(PaperEventManager.java:54) ~[paper-1.20.1.jar:git-Paper-196]
	at io.papermc.paper.plugin.manager.PaperPluginManagerImpl.callEvent(PaperPluginManagerImpl.java:126) ~[paper-1.20.1.jar:git-Paper-196]
	at org.bukkit.plugin.SimplePluginManager.callEvent(SimplePluginManager.java:615) ~[paper-api-1.20.1-R0.1-SNAPSHOT.jar:?]
	at net.minecraft.server.network.ServerGamePacketListenerImpl.handleContainerClick(ServerGamePacketListenerImpl.java:3237) ~[?:?]
	at net.minecraft.network.protocol.game.ServerboundContainerClickPacket.handle(ServerboundContainerClickPacket.java:58) ~[?:?]
	at net.minecraft.network.protocol.game.ServerboundContainerClickPacket.handle(ServerboundContainerClickPacket.java:23) ~[?:?]
	at net.minecraft.network.protocol.PacketUtils.lambda$ensureRunningOnSameThread$0(PacketUtils.java:51) ~[?:?]
	at net.minecraft.server.TickTask.run(TickTask.java:18) ~[paper-1.20.1.jar:git-Paper-196]
	at net.minecraft.util.thread.BlockableEventLoop.doRunTask(BlockableEventLoop.java:153) ~[?:?]
	at net.minecraft.util.thread.ReentrantBlockableEventLoop.doRunTask(ReentrantBlockableEventLoop.java:24) ~[?:?]
	at net.minecraft.server.MinecraftServer.doRunTask(MinecraftServer.java:1338) ~[paper-1.20.1.jar:git-Paper-196]
	at net.minecraft.server.MinecraftServer.d(MinecraftServer.java:197) ~[paper-1.20.1.jar:git-Paper-196]
	at net.minecraft.util.thread.BlockableEventLoop.pollTask(BlockableEventLoop.java:126) ~[?:?]
	at net.minecraft.server.MinecraftServer.pollTaskInternal(MinecraftServer.java:1315) ~[paper-1.20.1.jar:git-Paper-196]
	at net.minecraft.server.MinecraftServer.pollTask(MinecraftServer.java:1308) ~[paper-1.20.1.jar:git-Paper-196]
	at net.minecraft.util.thread.BlockableEventLoop.managedBlock(BlockableEventLoop.java:136) ~[?:?]
	at net.minecraft.server.MinecraftServer.waitUntilNextTick(MinecraftServer.java:1286) ~[paper-1.20.1.jar:git-Paper-196]
	at net.minecraft.server.MinecraftServer.runServer(MinecraftServer.java:1174) ~[paper-1.20.1.jar:git-Paper-196]
	at net.minecraft.server.MinecraftServer.lambda$spin$0(MinecraftServer.java:317) ~[paper-1.20.1.jar:git-Paper-196]
	at java.lang.Thread.run(Thread.java:840) ~[?:?]
[00:02:00] [Server thread/ERROR]: Could not pass event InventoryClickEvent to MenuReport v8.8.1
java.lang.NoSuchMethodError: 'java.lang.String org.bukkit.inventory.Inventory.getName()'
	at report.fede.Main.click(Main.java:425) ~[MenuReport.jar:?]
	at com.destroystokyo.paper.event.executor.asm.generated.GeneratedEventExecutor139.execute(Unknown Source) ~[?:?]
	at org.bukkit.plugin.EventExecutor$2.execute(EventExecutor.java:77) ~[paper-api-1.20.1-R0.1-SNAPSHOT.jar:?]
	at co.aikar.timings.TimedEventExecutor.execute(TimedEventExecutor.java:81) ~[paper-api-1.20.1-R0.1-SNAPSHOT.jar:git-Paper-196]
	at org.bukkit.plugin.RegisteredListener.callEvent(RegisteredListener.java:70) ~[paper-api-1.20.1-R0.1-SNAPSHOT.jar:?]
	at io.papermc.paper.plugin.manager.PaperEventManager.callEvent(PaperEventManager.java:54) ~[paper-1.20.1.jar:git-Paper-196]
	at io.papermc.paper.plugin.manager.PaperPluginManagerImpl.callEvent(PaperPluginManagerImpl.java:126) ~[paper-1.20.1.jar:git-Paper-196]
	at org.bukkit.plugin.SimplePluginManager.callEvent(SimplePluginManager.java:615) ~[paper-api-1.20.1-R0.1-SNAPSHOT.jar:?]
	at net.minecraft.server.network.ServerGamePacketListenerImpl.handleContainerClick(ServerGamePacketListenerImpl.java:3237) ~[?:?]
	at net.minecraft.network.protocol.game.ServerboundContainerClickPacket.handle(ServerboundContainerClickPacket.java:58) ~[?:?]
	at net.minecraft.network.protocol.game.ServerboundContainerClickPacket.handle(ServerboundContainerClickPacket.java:23) ~[?:?]
	at net.minecraft.network.protocol.PacketUtils.lambda$ensureRunningOnSameThread$0(PacketUtils.java:51) ~[?:?]
	at net.minecraft.server.TickTask.run(TickTask.java:18) ~[paper-1.20.1.jar:git-Paper-196]
	at net.minecraft.util.thread.BlockableEventLoop.doRunTask(BlockableEventLoop.java:153) ~[?:?]
	at net.minecraft.util.thread.ReentrantBlockableEventLoop.doRunTask(ReentrantBlockableEventLoop.java:24) ~[?:?]
	at net.minecraft.server.MinecraftServer.doRunTask(MinecraftServer.java:1338) ~[paper-1.20.1.jar:git-Paper-196]
	at net.minecraft.server.MinecraftServer.d(MinecraftServer.java:197) ~[paper-1.20.1.jar:git-Paper-196]
	at net.minecraft.util.thread.BlockableEventLoop.pollTask(BlockableEventLoop.java:126) ~[?:?]
	at net.minecraft.server.MinecraftServer.pollTaskInternal(MinecraftServer.java:1315) ~[paper-1.20.1.jar:git-Paper-196]
	at net.minecraft.server.MinecraftServer.pollTask(MinecraftServer.java:1308) ~[paper-1.20.1.jar:git-Paper-196]
	at net.minecraft.util.thread.BlockableEventLoop.runAllTasks(BlockableEventLoop.java:114) ~[?:?]
	at net.minecraft.server.MinecraftServer.tickServer(MinecraftServer.java:1424) ~[paper-1.20.1.jar:git-Paper-196]
	at net.minecraft.server.MinecraftServer.runServer(MinecraftServer.java:1170) ~[paper-1.20.1.jar:git-Paper-196]
	at net.minecraft.server.MinecraftServer.lambda$spin$0(MinecraftServer.java:317) ~[paper-1.20.1.jar:git-Paper-196]
	at java.lang.Thread.run(Thread.java:840) ~[?:?]
[00:02:00] [Server thread/ERROR]: Could not pass event InventoryClickEvent to MenuReport v8.8.1
java.lang.NoSuchMethodError: 'java.lang.String org.bukkit.inventory.Inventory.getName()'
	at report.fede.Main.click(Main.java:425) ~[MenuReport.jar:?]
	at com.destroystokyo.paper.event.executor.asm.generated.GeneratedEventExecutor139.execute(Unknown Source) ~[?:?]
	at org.bukkit.plugin.EventExecutor$2.execute(EventExecutor.java:77) ~[paper-api-1.20.1-R0.1-SNAPSHOT.jar:?]
	at co.aikar.timings.TimedEventExecutor.execute(TimedEventExecutor.java:81) ~[paper-api-1.20.1-R0.1-SNAPSHOT.jar:git-Paper-196]
	at org.bukkit.plugin.RegisteredListener.callEvent(RegisteredListener.java:70) ~[paper-api-1.20.1-R0.1-SNAPSHOT.jar:?]
	at io.papermc.paper.plugin.manager.PaperEventManager.callEvent(PaperEventManager.java:54) ~[paper-1.20.1.jar:git-Paper-196]
	at io.papermc.paper.plugin.manager.PaperPluginManagerImpl.callEvent(PaperPluginManagerImpl.java:126) ~[paper-1.20.1.jar:git-Paper-196]
	at org.bukkit.plugin.SimplePluginManager.callEvent(SimplePluginManager.java:615) ~[paper-api-1.20.1-R0.1-SNAPSHOT.jar:?]
	at net.minecraft.server.network.ServerGamePacketListenerImpl.handleContainerClick(ServerGamePacketListenerImpl.java:3237) ~[?:?]
	at net.minecraft.network.protocol.game.ServerboundContainerClickPacket.handle(ServerboundContainerClickPacket.java:58) ~[?:?]
	at net.minecraft.network.protocol.game.ServerboundContainerClickPacket.handle(ServerboundContainerClickPacket.java:23) ~[?:?]
	at net.minecraft.network.protocol.PacketUtils.lambda$ensureRunningOnSameThread$0(PacketUtils.java:51) ~[?:?]
	at net.minecraft.server.TickTask.run(TickTask.java:18) ~[paper-1.20.1.jar:git-Paper-196]
	at net.minecraft.util.thread.BlockableEventLoop.doRunTask(BlockableEventLoop.java:153) ~[?:?]
	at net.minecraft.util.thread.ReentrantBlockableEventLoop.doRunTask(ReentrantBlockableEventLoop.java:24) ~[?:?]
	at net.minecraft.server.MinecraftServer.doRunTask(MinecraftServer.java:1338) ~[paper-1.20.1.jar:git-Paper-196]
	at net.minecraft.server.MinecraftServer.d(MinecraftServer.java:197) ~[paper-1.20.1.jar:git-Paper-196]
	at net.minecraft.util.thread.BlockableEventLoop.pollTask(BlockableEventLoop.java:126) ~[?:?]
	at net.minecraft.server.MinecraftServer.pollTaskInternal(MinecraftServer.java:1315) ~[paper-1.20.1.jar:git-Paper-196]
	at net.minecraft.server.MinecraftServer.pollTask(MinecraftServer.java:1308) ~[paper-1.20.1.jar:git-Paper-196]
	at net.minecraft.util.thread.BlockableEventLoop.managedBlock(BlockableEventLoop.java:136) ~[?:?]
	at net.minecraft.server.MinecraftServer.waitUntilNextTick(MinecraftServer.java:1286) ~[paper-1.20.1.jar:git-Paper-196]
	at net.minecraft.server.MinecraftServer.runServer(MinecraftServer.java:1174) ~[paper-1.20.1.jar:git-Paper-196]
	at net.minecraft.server.MinecraftServer.lambda$spin$0(MinecraftServer.java:317) ~[paper-1.20.1.jar:git-Paper-196]
	at java.lang.Thread.run(Thread.java:840) ~[?:?]
[00:02:00] [Server thread/ERROR]: Could not pass event InventoryClickEvent to MenuReport v8.8.1
java.lang.NoSuchMethodError: 'java.lang.String org.bukkit.inventory.Inventory.getName()'
	at report.fede.Main.click(Main.java:425) ~[MenuReport.jar:?]
	at com.destroystokyo.paper.event.executor.asm.generated.GeneratedEventExecutor139.execute(Unknown Source) ~[?:?]
	at org.bukkit.plugin.EventExecutor$2.execute(EventExecutor.java:77) ~[paper-api-1.20.1-R0.1-SNAPSHOT.jar:?]
	at co.aikar.timings.TimedEventExecutor.execute(TimedEventExecutor.java:81) ~[paper-api-1.20.1-R0.1-SNAPSHOT.jar:git-Paper-196]
	at org.bukkit.plugin.RegisteredListener.callEvent(RegisteredListener.java:70) ~[paper-api-1.20.1-R0.1-SNAPSHOT.jar:?]
	at io.papermc.paper.plugin.manager.PaperEventManager.callEvent(PaperEventManager.java:54) ~[paper-1.20.1.jar:git-Paper-196]
	at io.papermc.paper.plugin.manager.PaperPluginManagerImpl.callEvent(PaperPluginManagerImpl.java:126) ~[paper-1.20.1.jar:git-Paper-196]
	at org.bukkit.plugin.SimplePluginManager.callEvent(SimplePluginManager.java:615) ~[paper-api-1.20.1-R0.1-SNAPSHOT.jar:?]
	at net.minecraft.server.network.ServerGamePacketListenerImpl.handleContainerClick(ServerGamePacketListenerImpl.java:3237) ~[?:?]
	at net.minecraft.network.protocol.game.ServerboundContainerClickPacket.handle(ServerboundContainerClickPacket.java:58) ~[?:?]
	at net.minecraft.network.protocol.game.ServerboundContainerClickPacket.handle(ServerboundContainerClickPacket.java:23) ~[?:?]
	at net.minecraft.network.protocol.PacketUtils.lambda$ensureRunningOnSameThread$0(PacketUtils.java:51) ~[?:?]
	at net.minecraft.server.TickTask.run(TickTask.java:18) ~[paper-1.20.1.jar:git-Paper-196]
	at net.minecraft.util.thread.BlockableEventLoop.doRunTask(BlockableEventLoop.java:153) ~[?:?]
	at net.minecraft.util.thread.ReentrantBlockableEventLoop.doRunTask(ReentrantBlockableEventLoop.java:24) ~[?:?]
	at net.minecraft.server.MinecraftServer.doRunTask(MinecraftServer.java:1338) ~[paper-1.20.1.jar:git-Paper-196]
	at net.minecraft.server.MinecraftServer.d(MinecraftServer.java:197) ~[paper-1.20.1.jar:git-Paper-196]
	at net.minecraft.util.thread.BlockableEventLoop.pollTask(BlockableEventLoop.java:126) ~[?:?]
	at net.minecraft.server.MinecraftServer.pollTaskInternal(MinecraftServer.java:1315) ~[paper-1.20.1.jar:git-Paper-196]
	at net.minecraft.server.MinecraftServer.pollTask(MinecraftServer.java:1308) ~[paper-1.20.1.jar:git-Paper-196]
	at net.minecraft.util.thread.BlockableEventLoop.runAllTasks(BlockableEventLoop.java:114) ~[?:?]
	at net.minecraft.server.MinecraftServer.tickServer(MinecraftServer.java:1424) ~[paper-1.20.1.jar:git-Paper-196]
	at net.minecraft.server.MinecraftServer.runServer(MinecraftServer.java:1170) ~[paper-1.20.1.jar:git-Paper-196]
	at net.minecraft.server.MinecraftServer.lambda$spin$0(MinecraftServer.java:317) ~[paper-1.20.1.jar:git-Paper-196]
	at java.lang.Thread.run(Thread.java:840) ~[?:?]
[00:02:40] [Server thread/ERROR]: Could not pass event InventoryClickEvent to MenuReport v8.8.1
java.lang.NoSuchMethodError: 'java.lang.String org.bukkit.inventory.Inventory.getName()'
	at report.fede.Main.click(Main.java:425) ~[MenuReport.jar:?]
	at com.destroystokyo.paper.event.executor.asm.generated.GeneratedEventExecutor139.execute(Unknown Source) ~[?:?]
	at org.bukkit.plugin.EventExecutor$2.execute(EventExecutor.java:77) ~[paper-api-1.20.1-R0.1-SNAPSHOT.jar:?]
	at co.aikar.timings.TimedEventExecutor.execute(TimedEventExecutor.java:81) ~[paper-api-1.20.1-R0.1-SNAPSHOT.jar:git-Paper-196]
	at org.bukkit.plugin.RegisteredListener.callEvent(RegisteredListener.java:70) ~[paper-api-1.20.1-R0.1-SNAPSHOT.jar:?]
	at io.papermc.paper.plugin.manager.PaperEventManager.callEvent(PaperEventManager.java:54) ~[paper-1.20.1.jar:git-Paper-196]
	at io.papermc.paper.plugin.manager.PaperPluginManagerImpl.callEvent(PaperPluginManagerImpl.java:126) ~[paper-1.20.1.jar:git-Paper-196]
	at org.bukkit.plugin.SimplePluginManager.callEvent(SimplePluginManager.java:615) ~[paper-api-1.20.1-R0.1-SNAPSHOT.jar:?]
	at net.minecraft.server.network.ServerGamePacketListenerImpl.handleContainerClick(ServerGamePacketListenerImpl.java:3237) ~[?:?]
	at net.minecraft.network.protocol.game.ServerboundContainerClickPacket.handle(ServerboundContainerClickPacket.java:58) ~[?:?]
	at net.minecraft.network.protocol.game.ServerboundContainerClickPacket.handle(ServerboundContainerClickPacket.java:23) ~[?:?]
	at net.minecraft.network.protocol.PacketUtils.lambda$ensureRunningOnSameThread$0(PacketUtils.java:51) ~[?:?]
	at net.minecraft.server.TickTask.run(TickTask.java:18) ~[paper-1.20.1.jar:git-Paper-196]
	at net.minecraft.util.thread.BlockableEventLoop.doRunTask(BlockableEventLoop.java:153) ~[?:?]
	at net.minecraft.util.thread.ReentrantBlockableEventLoop.doRunTask(ReentrantBlockableEventLoop.java:24) ~[?:?]
	at net.minecraft.server.MinecraftServer.doRunTask(MinecraftServer.java:1338) ~[paper-1.20.1.jar:git-Paper-196]
	at net.minecraft.server.MinecraftServer.d(MinecraftServer.java:197) ~[paper-1.20.1.jar:git-Paper-196]
	at net.minecraft.util.thread.BlockableEventLoop.pollTask(BlockableEventLoop.java:126) ~[?:?]
	at net.minecraft.server.MinecraftServer.pollTaskInternal(MinecraftServer.java:1315) ~[paper-1.20.1.jar:git-Paper-196]
	at net.minecraft.server.MinecraftServer.pollTask(MinecraftServer.java:1308) ~[paper-1.20.1.jar:git-Paper-196]
	at net.minecraft.util.thread.BlockableEventLoop.managedBlock(BlockableEventLoop.java:136) ~[?:?]
	at net.minecraft.server.MinecraftServer.waitUntilNextTick(MinecraftServer.java:1286) ~[paper-1.20.1.jar:git-Paper-196]
	at net.minecraft.server.MinecraftServer.runServer(MinecraftServer.java:1174) ~[paper-1.20.1.jar:git-Paper-196]
	at net.minecraft.server.MinecraftServer.lambda$spin$0(MinecraftServer.java:317) ~[paper-1.20.1.jar:git-Paper-196]
	at java.lang.Thread.run(Thread.java:840) ~[?:?]
[00:02:40] [Server thread/ERROR]: Could not pass event InventoryClickEvent to MenuReport v8.8.1
java.lang.NoSuchMethodError: 'java.lang.String org.bukkit.inventory.Inventory.getName()'
	at report.fede.Main.click(Main.java:425) ~[MenuReport.jar:?]
	at com.destroystokyo.paper.event.executor.asm.generated.GeneratedEventExecutor139.execute(Unknown Source) ~[?:?]
	at org.bukkit.plugin.EventExecutor$2.execute(EventExecutor.java:77) ~[paper-api-1.20.1-R0.1-SNAPSHOT.jar:?]
	at co.aikar.timings.TimedEventExecutor.execute(TimedEventExecutor.java:81) ~[paper-api-1.20.1-R0.1-SNAPSHOT.jar:git-Paper-196]
	at org.bukkit.plugin.RegisteredListener.callEvent(RegisteredListener.java:70) ~[paper-api-1.20.1-R0.1-SNAPSHOT.jar:?]
	at io.papermc.paper.plugin.manager.PaperEventManager.callEvent(PaperEventManager.java:54) ~[paper-1.20.1.jar:git-Paper-196]
	at io.papermc.paper.plugin.manager.PaperPluginManagerImpl.callEvent(PaperPluginManagerImpl.java:126) ~[paper-1.20.1.jar:git-Paper-196]
	at org.bukkit.plugin.SimplePluginManager.callEvent(SimplePluginManager.java:615) ~[paper-api-1.20.1-R0.1-SNAPSHOT.jar:?]
	at net.minecraft.server.network.ServerGamePacketListenerImpl.handleContainerClick(ServerGamePacketListenerImpl.java:3237) ~[?:?]
	at net.minecraft.network.protocol.game.ServerboundContainerClickPacket.handle(ServerboundContainerClickPacket.java:58) ~[?:?]
	at net.minecraft.network.protocol.game.ServerboundContainerClickPacket.handle(ServerboundContainerClickPacket.java:23) ~[?:?]
	at net.minecraft.network.protocol.PacketUtils.lambda$ensureRunningOnSameThread$0(PacketUtils.java:51) ~[?:?]
	at net.minecraft.server.TickTask.run(TickTask.java:18) ~[paper-1.20.1.jar:git-Paper-196]
	at net.minecraft.util.thread.BlockableEventLoop.doRunTask(BlockableEventLoop.java:153) ~[?:?]
	at net.minecraft.util.thread.ReentrantBlockableEventLoop.doRunTask(ReentrantBlockableEventLoop.java:24) ~[?:?]
	at net.minecraft.server.MinecraftServer.doRunTask(MinecraftServer.java:1338) ~[paper-1.20.1.jar:git-Paper-196]
	at net.minecraft.server.MinecraftServer.d(MinecraftServer.java:197) ~[paper-1.20.1.jar:git-Paper-196]
	at net.minecraft.util.thread.BlockableEventLoop.pollTask(BlockableEventLoop.java:126) ~[?:?]
	at net.minecraft.server.MinecraftServer.pollTaskInternal(MinecraftServer.java:1315) ~[paper-1.20.1.jar:git-Paper-196]
	at net.minecraft.server.MinecraftServer.pollTask(MinecraftServer.java:1308) ~[paper-1.20.1.jar:git-Paper-196]
	at net.minecraft.util.thread.BlockableEventLoop.managedBlock(BlockableEventLoop.java:136) ~[?:?]
	at net.minecraft.server.MinecraftServer.waitUntilNextTick(MinecraftServer.java:1286) ~[paper-1.20.1.jar:git-Paper-196]
	at net.minecraft.server.MinecraftServer.runServer(MinecraftServer.java:1174) ~[paper-1.20.1.jar:git-Paper-196]
	at net.minecraft.server.MinecraftServer.lambda$spin$0(MinecraftServer.java:317) ~[paper-1.20.1.jar:git-Paper-196]
	at java.lang.Thread.run(Thread.java:840) ~[?:?]
[00:03:11] [Server thread/ERROR]: Could not pass event InventoryClickEvent to MenuReport v8.8.1
java.lang.NoSuchMethodError: 'java.lang.String org.bukkit.inventory.Inventory.getName()'
	at report.fede.Main.click(Main.java:425) ~[MenuReport.jar:?]
	at com.destroystokyo.paper.event.executor.asm.generated.GeneratedEventExecutor139.execute(Unknown Source) ~[?:?]
	at org.bukkit.plugin.EventExecutor$2.execute(EventExecutor.java:77) ~[paper-api-1.20.1-R0.1-SNAPSHOT.jar:?]
	at co.aikar.timings.TimedEventExecutor.execute(TimedEventExecutor.java:81) ~[paper-api-1.20.1-R0.1-SNAPSHOT.jar:git-Paper-196]
	at org.bukkit.plugin.RegisteredListener.callEvent(RegisteredListener.java:70) ~[paper-api-1.20.1-R0.1-SNAPSHOT.jar:?]
	at io.papermc.paper.plugin.manager.PaperEventManager.callEvent(PaperEventManager.java:54) ~[paper-1.20.1.jar:git-Paper-196]
	at io.papermc.paper.plugin.manager.PaperPluginManagerImpl.callEvent(PaperPluginManagerImpl.java:126) ~[paper-1.20.1.jar:git-Paper-196]
	at org.bukkit.plugin.SimplePluginManager.callEvent(SimplePluginManager.java:615) ~[paper-api-1.20.1-R0.1-SNAPSHOT.jar:?]
	at net.minecraft.server.network.ServerGamePacketListenerImpl.handleContainerClick(ServerGamePacketListenerImpl.java:3237) ~[?:?]
	at net.minecraft.network.protocol.game.ServerboundContainerClickPacket.handle(ServerboundContainerClickPacket.java:58) ~[?:?]
	at net.minecraft.network.protocol.game.ServerboundContainerClickPacket.handle(ServerboundContainerClickPacket.java:23) ~[?:?]
	at net.minecraft.network.protocol.PacketUtils.lambda$ensureRunningOnSameThread$0(PacketUtils.java:51) ~[?:?]
	at net.minecraft.server.TickTask.run(TickTask.java:18) ~[paper-1.20.1.jar:git-Paper-196]
	at net.minecraft.util.thread.BlockableEventLoop.doRunTask(BlockableEventLoop.java:153) ~[?:?]
	at net.minecraft.util.thread.ReentrantBlockableEventLoop.doRunTask(ReentrantBlockableEventLoop.java:24) ~[?:?]
	at net.minecraft.server.MinecraftServer.doRunTask(MinecraftServer.java:1338) ~[paper-1.20.1.jar:git-Paper-196]
	at net.minecraft.server.MinecraftServer.d(MinecraftServer.java:197) ~[paper-1.20.1.jar:git-Paper-196]
	at net.minecraft.util.thread.BlockableEventLoop.pollTask(BlockableEventLoop.java:126) ~[?:?]
	at net.minecraft.server.MinecraftServer.pollTaskInternal(MinecraftServer.java:1315) ~[paper-1.20.1.jar:git-Paper-196]
	at net.minecraft.server.MinecraftServer.pollTask(MinecraftServer.java:1308) ~[paper-1.20.1.jar:git-Paper-196]
	at net.minecraft.util.thread.BlockableEventLoop.managedBlock(BlockableEventLoop.java:136) ~[?:?]
	at net.minecraft.server.MinecraftServer.waitUntilNextTick(MinecraftServer.java:1286) ~[paper-1.20.1.jar:git-Paper-196]
	at net.minecraft.server.MinecraftServer.runServer(MinecraftServer.java:1174) ~[paper-1.20.1.jar:git-Paper-196]
	at net.minecraft.server.MinecraftServer.lambda$spin$0(MinecraftServer.java:317) ~[paper-1.20.1.jar:git-Paper-196]
	at java.lang.Thread.run(Thread.java:840) ~[?:?]
[00:03:31] [Server thread/ERROR]: Could not pass event InventoryClickEvent to MenuReport v8.8.1
java.lang.NoSuchMethodError: 'java.lang.String org.bukkit.inventory.Inventory.getName()'
	at report.fede.Main.click(Main.java:425) ~[MenuReport.jar:?]
	at com.destroystokyo.paper.event.executor.asm.generated.GeneratedEventExecutor139.execute(Unknown Source) ~[?:?]
	at org.bukkit.plugin.EventExecutor$2.execute(EventExecutor.java:77) ~[paper-api-1.20.1-R0.1-SNAPSHOT.jar:?]
	at co.aikar.timings.TimedEventExecutor.execute(TimedEventExecutor.java:81) ~[paper-api-1.20.1-R0.1-SNAPSHOT.jar:git-Paper-196]
	at org.bukkit.plugin.RegisteredListener.callEvent(RegisteredListener.java:70) ~[paper-api-1.20.1-R0.1-SNAPSHOT.jar:?]
	at io.papermc.paper.plugin.manager.PaperEventManager.callEvent(PaperEventManager.java:54) ~[paper-1.20.1.jar:git-Paper-196]
	at io.papermc.paper.plugin.manager.PaperPluginManagerImpl.callEvent(PaperPluginManagerImpl.java:126) ~[paper-1.20.1.jar:git-Paper-196]
	at org.bukkit.plugin.SimplePluginManager.callEvent(SimplePluginManager.java:615) ~[paper-api-1.20.1-R0.1-SNAPSHOT.jar:?]
	at net.minecraft.server.network.ServerGamePacketListenerImpl.handleContainerClick(ServerGamePacketListenerImpl.java:3237) ~[?:?]
	at net.minecraft.network.protocol.game.ServerboundContainerClickPacket.handle(ServerboundContainerClickPacket.java:58) ~[?:?]
	at net.minecraft.network.protocol.game.ServerboundContainerClickPacket.handle(ServerboundContainerClickPacket.java:23) ~[?:?]
	at net.minecraft.network.protocol.PacketUtils.lambda$ensureRunningOnSameThread$0(PacketUtils.java:51) ~[?:?]
	at net.minecraft.server.TickTask.run(TickTask.java:18) ~[paper-1.20.1.jar:git-Paper-196]
	at net.minecraft.util.thread.BlockableEventLoop.doRunTask(BlockableEventLoop.java:153) ~[?:?]
	at net.minecraft.util.thread.ReentrantBlockableEventLoop.doRunTask(ReentrantBlockableEventLoop.java:24) ~[?:?]
	at net.minecraft.server.MinecraftServer.doRunTask(MinecraftServer.java:1338) ~[paper-1.20.1.jar:git-Paper-196]
	at net.minecraft.server.MinecraftServer.d(MinecraftServer.java:197) ~[paper-1.20.1.jar:git-Paper-196]
	at net.minecraft.util.thread.BlockableEventLoop.pollTask(BlockableEventLoop.java:126) ~[?:?]
	at net.minecraft.server.MinecraftServer.pollTaskInternal(MinecraftServer.java:1315) ~[paper-1.20.1.jar:git-Paper-196]
	at net.minecraft.server.MinecraftServer.pollTask(MinecraftServer.java:1308) ~[paper-1.20.1.jar:git-Paper-196]
	at net.minecraft.util.thread.BlockableEventLoop.managedBlock(BlockableEventLoop.java:136) ~[?:?]
	at net.minecraft.server.MinecraftServer.waitUntilNextTick(MinecraftServer.java:1286) ~[paper-1.20.1.jar:git-Paper-196]
	at net.minecraft.server.MinecraftServer.runServer(MinecraftServer.java:1174) ~[paper-1.20.1.jar:git-Paper-196]
	at net.minecraft.server.MinecraftServer.lambda$spin$0(MinecraftServer.java:317) ~[paper-1.20.1.jar:git-Paper-196]
	at java.lang.Thread.run(Thread.java:840) ~[?:?]
[00:03:31] [Server thread/ERROR]: Could not pass event InventoryClickEvent to MenuReport v8.8.1
java.lang.NoSuchMethodError: 'java.lang.String org.bukkit.inventory.Inventory.getName()'
	at report.fede.Main.click(Main.java:425) ~[MenuReport.jar:?]
	at com.destroystokyo.paper.event.executor.asm.generated.GeneratedEventExecutor139.execute(Unknown Source) ~[?:?]
	at org.bukkit.plugin.EventExecutor$2.execute(EventExecutor.java:77) ~[paper-api-1.20.1-R0.1-SNAPSHOT.jar:?]
	at co.aikar.timings.TimedEventExecutor.execute(TimedEventExecutor.java:81) ~[paper-api-1.20.1-R0.1-SNAPSHOT.jar:git-Paper-196]
	at org.bukkit.plugin.RegisteredListener.callEvent(RegisteredListener.java:70) ~[paper-api-1.20.1-R0.1-SNAPSHOT.jar:?]
	at io.papermc.paper.plugin.manager.PaperEventManager.callEvent(PaperEventManager.java:54) ~[paper-1.20.1.jar:git-Paper-196]
	at io.papermc.paper.plugin.manager.PaperPluginManagerImpl.callEvent(PaperPluginManagerImpl.java:126) ~[paper-1.20.1.jar:git-Paper-196]
	at org.bukkit.plugin.SimplePluginManager.callEvent(SimplePluginManager.java:615) ~[paper-api-1.20.1-R0.1-SNAPSHOT.jar:?]
	at net.minecraft.server.network.ServerGamePacketListenerImpl.handleContainerClick(ServerGamePacketListenerImpl.java:3237) ~[?:?]
	at net.minecraft.network.protocol.game.ServerboundContainerClickPacket.handle(ServerboundContainerClickPacket.java:58) ~[?:?]
	at net.minecraft.network.protocol.game.ServerboundContainerClickPacket.handle(ServerboundContainerClickPacket.java:23) ~[?:?]
	at net.minecraft.network.protocol.PacketUtils.lambda$ensureRunningOnSameThread$0(PacketUtils.java:51) ~[?:?]
	at net.minecraft.server.TickTask.run(TickTask.java:18) ~[paper-1.20.1.jar:git-Paper-196]
	at net.minecraft.util.thread.BlockableEventLoop.doRunTask(BlockableEventLoop.java:153) ~[?:?]
	at net.minecraft.util.thread.ReentrantBlockableEventLoop.doRunTask(ReentrantBlockableEventLoop.java:24) ~[?:?]
	at net.minecraft.server.MinecraftServer.doRunTask(MinecraftServer.java:1338) ~[paper-1.20.1.jar:git-Paper-196]
	at net.minecraft.server.MinecraftServer.d(MinecraftServer.java:197) ~[paper-1.20.1.jar:git-Paper-196]
	at net.minecraft.util.thread.BlockableEventLoop.pollTask(BlockableEventLoop.java:126) ~[?:?]
	at net.minecraft.server.MinecraftServer.pollTaskInternal(MinecraftServer.java:1315) ~[paper-1.20.1.jar:git-Paper-196]
	at net.minecraft.server.MinecraftServer.pollTask(MinecraftServer.java:1308) ~[paper-1.20.1.jar:git-Paper-196]
	at net.minecraft.util.thread.BlockableEventLoop.managedBlock(BlockableEventLoop.java:136) ~[?:?]
	at net.minecraft.server.MinecraftServer.waitUntilNextTick(MinecraftServer.java:1286) ~[paper-1.20.1.jar:git-Paper-196]
	at net.minecraft.server.MinecraftServer.runServer(MinecraftServer.java:1174) ~[paper-1.20.1.jar:git-Paper-196]
	at net.minecraft.server.MinecraftServer.lambda$spin$0(MinecraftServer.java:317) ~[paper-1.20.1.jar:git-Paper-196]
	at java.lang.Thread.run(Thread.java:840) ~[?:?]
[00:03:31] [Server thread/ERROR]: Could not pass event InventoryClickEvent to MenuReport v8.8.1
java.lang.NoSuchMethodError: 'java.lang.String org.bukkit.inventory.Inventory.getName()'
	at report.fede.Main.click(Main.java:425) ~[MenuReport.jar:?]
	at com.destroystokyo.paper.event.executor.asm.generated.GeneratedEventExecutor139.execute(Unknown Source) ~[?:?]
	at org.bukkit.plugin.EventExecutor$2.execute(EventExecutor.java:77) ~[paper-api-1.20.1-R0.1-SNAPSHOT.jar:?]
	at co.aikar.timings.TimedEventExecutor.execute(TimedEventExecutor.java:81) ~[paper-api-1.20.1-R0.1-SNAPSHOT.jar:git-Paper-196]
	at org.bukkit.plugin.RegisteredListener.callEvent(RegisteredListener.java:70) ~[paper-api-1.20.1-R0.1-SNAPSHOT.jar:?]
	at io.papermc.paper.plugin.manager.PaperEventManager.callEvent(PaperEventManager.java:54) ~[paper-1.20.1.jar:git-Paper-196]
	at io.papermc.paper.plugin.manager.PaperPluginManagerImpl.callEvent(PaperPluginManagerImpl.java:126) ~[paper-1.20.1.jar:git-Paper-196]
	at org.bukkit.plugin.SimplePluginManager.callEvent(SimplePluginManager.java:615) ~[paper-api-1.20.1-R0.1-SNAPSHOT.jar:?]
	at net.minecraft.server.network.ServerGamePacketListenerImpl.handleContainerClick(ServerGamePacketListenerImpl.java:3237) ~[?:?]
	at net.minecraft.network.protocol.game.ServerboundContainerClickPacket.handle(ServerboundContainerClickPacket.java:58) ~[?:?]
	at net.minecraft.network.protocol.game.ServerboundContainerClickPacket.handle(ServerboundContainerClickPacket.java:23) ~[?:?]
	at net.minecraft.network.protocol.PacketUtils.lambda$ensureRunningOnSameThread$0(PacketUtils.java:51) ~[?:?]
	at net.minecraft.server.TickTask.run(TickTask.java:18) ~[paper-1.20.1.jar:git-Paper-196]
	at net.minecraft.util.thread.BlockableEventLoop.doRunTask(BlockableEventLoop.java:153) ~[?:?]
	at net.minecraft.util.thread.ReentrantBlockableEventLoop.doRunTask(ReentrantBlockableEventLoop.java:24) ~[?:?]
	at net.minecraft.server.MinecraftServer.doRunTask(MinecraftServer.java:1338) ~[paper-1.20.1.jar:git-Paper-196]
	at net.minecraft.server.MinecraftServer.d(MinecraftServer.java:197) ~[paper-1.20.1.jar:git-Paper-196]
	at net.minecraft.util.thread.BlockableEventLoop.pollTask(BlockableEventLoop.java:126) ~[?:?]
	at net.minecraft.server.MinecraftServer.pollTaskInternal(MinecraftServer.java:1315) ~[paper-1.20.1.jar:git-Paper-196]
	at net.minecraft.server.MinecraftServer.pollTask(MinecraftServer.java:1308) ~[paper-1.20.1.jar:git-Paper-196]
	at net.minecraft.util.thread.BlockableEventLoop.managedBlock(BlockableEventLoop.java:136) ~[?:?]
	at net.minecraft.server.MinecraftServer.waitUntilNextTick(MinecraftServer.java:1286) ~[paper-1.20.1.jar:git-Paper-196]
	at net.minecraft.server.MinecraftServer.runServer(MinecraftServer.java:1174) ~[paper-1.20.1.jar:git-Paper-196]
	at net.minecraft.server.MinecraftServer.lambda$spin$0(MinecraftServer.java:317) ~[paper-1.20.1.jar:git-Paper-196]
	at java.lang.Thread.run(Thread.java:840) ~[?:?]
[00:03:31] [Server thread/ERROR]: Could not pass event InventoryClickEvent to MenuReport v8.8.1
java.lang.NoSuchMethodError: 'java.lang.String org.bukkit.inventory.Inventory.getName()'
	at report.fede.Main.click(Main.java:425) ~[MenuReport.jar:?]
	at com.destroystokyo.paper.event.executor.asm.generated.GeneratedEventExecutor139.execute(Unknown Source) ~[?:?]
	at org.bukkit.plugin.EventExecutor$2.execute(EventExecutor.java:77) ~[paper-api-1.20.1-R0.1-SNAPSHOT.jar:?]
	at co.aikar.timings.TimedEventExecutor.execute(TimedEventExecutor.java:81) ~[paper-api-1.20.1-R0.1-SNAPSHOT.jar:git-Paper-196]
	at org.bukkit.plugin.RegisteredListener.callEvent(RegisteredListener.java:70) ~[paper-api-1.20.1-R0.1-SNAPSHOT.jar:?]
	at io.papermc.paper.plugin.manager.PaperEventManager.callEvent(PaperEventManager.java:54) ~[paper-1.20.1.jar:git-Paper-196]
	at io.papermc.paper.plugin.manager.PaperPluginManagerImpl.callEvent(PaperPluginManagerImpl.java:126) ~[paper-1.20.1.jar:git-Paper-196]
	at org.bukkit.plugin.SimplePluginManager.callEvent(SimplePluginManager.java:615) ~[paper-api-1.20.1-R0.1-SNAPSHOT.jar:?]
	at net.minecraft.server.network.ServerGamePacketListenerImpl.handleContainerClick(ServerGamePacketListenerImpl.java:3237) ~[?:?]
	at net.minecraft.network.protocol.game.ServerboundContainerClickPacket.handle(ServerboundContainerClickPacket.java:58) ~[?:?]
	at net.minecraft.network.protocol.game.ServerboundContainerClickPacket.handle(ServerboundContainerClickPacket.java:23) ~[?:?]
	at net.minecraft.network.protocol.PacketUtils.lambda$ensureRunningOnSameThread$0(PacketUtils.java:51) ~[?:?]
	at net.minecraft.server.TickTask.run(TickTask.java:18) ~[paper-1.20.1.jar:git-Paper-196]
	at net.minecraft.util.thread.BlockableEventLoop.doRunTask(BlockableEventLoop.java:153) ~[?:?]
	at net.minecraft.util.thread.ReentrantBlockableEventLoop.doRunTask(ReentrantBlockableEventLoop.java:24) ~[?:?]
	at net.minecraft.server.MinecraftServer.doRunTask(MinecraftServer.java:1338) ~[paper-1.20.1.jar:git-Paper-196]
	at net.minecraft.server.MinecraftServer.d(MinecraftServer.java:197) ~[paper-1.20.1.jar:git-Paper-196]
	at net.minecraft.util.thread.BlockableEventLoop.pollTask(BlockableEventLoop.java:126) ~[?:?]
	at net.minecraft.server.MinecraftServer.pollTaskInternal(MinecraftServer.java:1315) ~[paper-1.20.1.jar:git-Paper-196]
	at net.minecraft.server.MinecraftServer.pollTask(MinecraftServer.java:1308) ~[paper-1.20.1.jar:git-Paper-196]
	at net.minecraft.util.thread.BlockableEventLoop.managedBlock(BlockableEventLoop.java:136) ~[?:?]
	at net.minecraft.server.MinecraftServer.waitUntilNextTick(MinecraftServer.java:1286) ~[paper-1.20.1.jar:git-Paper-196]
	at net.minecraft.server.MinecraftServer.runServer(MinecraftServer.java:1174) ~[paper-1.20.1.jar:git-Paper-196]
	at net.minecraft.server.MinecraftServer.lambda$spin$0(MinecraftServer.java:317) ~[paper-1.20.1.jar:git-Paper-196]
	at java.lang.Thread.run(Thread.java:840) ~[?:?]
[00:03:32] [Server thread/ERROR]: Could not pass event InventoryClickEvent to MenuReport v8.8.1
java.lang.NoSuchMethodError: 'java.lang.String org.bukkit.inventory.Inventory.getName()'
	at report.fede.Main.click(Main.java:425) ~[MenuReport.jar:?]
	at com.destroystokyo.paper.event.executor.asm.generated.GeneratedEventExecutor139.execute(Unknown Source) ~[?:?]
	at org.bukkit.plugin.EventExecutor$2.execute(EventExecutor.java:77) ~[paper-api-1.20.1-R0.1-SNAPSHOT.jar:?]
	at co.aikar.timings.TimedEventExecutor.execute(TimedEventExecutor.java:81) ~[paper-api-1.20.1-R0.1-SNAPSHOT.jar:git-Paper-196]
	at org.bukkit.plugin.RegisteredListener.callEvent(RegisteredListener.java:70) ~[paper-api-1.20.1-R0.1-SNAPSHOT.jar:?]
	at io.papermc.paper.plugin.manager.PaperEventManager.callEvent(PaperEventManager.java:54) ~[paper-1.20.1.jar:git-Paper-196]
	at io.papermc.paper.plugin.manager.PaperPluginManagerImpl.callEvent(PaperPluginManagerImpl.java:126) ~[paper-1.20.1.jar:git-Paper-196]
	at org.bukkit.plugin.SimplePluginManager.callEvent(SimplePluginManager.java:615) ~[paper-api-1.20.1-R0.1-SNAPSHOT.jar:?]
	at net.minecraft.server.network.ServerGamePacketListenerImpl.handleContainerClick(ServerGamePacketListenerImpl.java:3237) ~[?:?]
	at net.minecraft.network.protocol.game.ServerboundContainerClickPacket.handle(ServerboundContainerClickPacket.java:58) ~[?:?]
	at net.minecraft.network.protocol.game.ServerboundContainerClickPacket.handle(ServerboundContainerClickPacket.java:23) ~[?:?]
	at net.minecraft.network.protocol.PacketUtils.lambda$ensureRunningOnSameThread$0(PacketUtils.java:51) ~[?:?]
	at net.minecraft.server.TickTask.run(TickTask.java:18) ~[paper-1.20.1.jar:git-Paper-196]
	at net.minecraft.util.thread.BlockableEventLoop.doRunTask(BlockableEventLoop.java:153) ~[?:?]
	at net.minecraft.util.thread.ReentrantBlockableEventLoop.doRunTask(ReentrantBlockableEventLoop.java:24) ~[?:?]
	at net.minecraft.server.MinecraftServer.doRunTask(MinecraftServer.java:1338) ~[paper-1.20.1.jar:git-Paper-196]
	at net.minecraft.server.MinecraftServer.d(MinecraftServer.java:197) ~[paper-1.20.1.jar:git-Paper-196]
	at net.minecraft.util.thread.BlockableEventLoop.pollTask(BlockableEventLoop.java:126) ~[?:?]
	at net.minecraft.server.MinecraftServer.pollTaskInternal(MinecraftServer.java:1315) ~[paper-1.20.1.jar:git-Paper-196]
	at net.minecraft.server.MinecraftServer.pollTask(MinecraftServer.java:1308) ~[paper-1.20.1.jar:git-Paper-196]
	at net.minecraft.util.thread.BlockableEventLoop.managedBlock(BlockableEventLoop.java:136) ~[?:?]
	at net.minecraft.server.MinecraftServer.waitUntilNextTick(MinecraftServer.java:1286) ~[paper-1.20.1.jar:git-Paper-196]
	at net.minecraft.server.MinecraftServer.runServer(MinecraftServer.java:1174) ~[paper-1.20.1.jar:git-Paper-196]
	at net.minecraft.server.MinecraftServer.lambda$spin$0(MinecraftServer.java:317) ~[paper-1.20.1.jar:git-Paper-196]
	at java.lang.Thread.run(Thread.java:840) ~[?:?]
[00:03:32] [Server thread/ERROR]: Could not pass event InventoryClickEvent to MenuReport v8.8.1
java.lang.NoSuchMethodError: 'java.lang.String org.bukkit.inventory.Inventory.getName()'
	at report.fede.Main.click(Main.java:425) ~[MenuReport.jar:?]
	at com.destroystokyo.paper.event.executor.asm.generated.GeneratedEventExecutor139.execute(Unknown Source) ~[?:?]
	at org.bukkit.plugin.EventExecutor$2.execute(EventExecutor.java:77) ~[paper-api-1.20.1-R0.1-SNAPSHOT.jar:?]
	at co.aikar.timings.TimedEventExecutor.execute(TimedEventExecutor.java:81) ~[paper-api-1.20.1-R0.1-SNAPSHOT.jar:git-Paper-196]
	at org.bukkit.plugin.RegisteredListener.callEvent(RegisteredListener.java:70) ~[paper-api-1.20.1-R0.1-SNAPSHOT.jar:?]
	at io.papermc.paper.plugin.manager.PaperEventManager.callEvent(PaperEventManager.java:54) ~[paper-1.20.1.jar:git-Paper-196]
	at io.papermc.paper.plugin.manager.PaperPluginManagerImpl.callEvent(PaperPluginManagerImpl.java:126) ~[paper-1.20.1.jar:git-Paper-196]
	at org.bukkit.plugin.SimplePluginManager.callEvent(SimplePluginManager.java:615) ~[paper-api-1.20.1-R0.1-SNAPSHOT.jar:?]
	at net.minecraft.server.network.ServerGamePacketListenerImpl.handleContainerClick(ServerGamePacketListenerImpl.java:3237) ~[?:?]
	at net.minecraft.network.protocol.game.ServerboundContainerClickPacket.handle(ServerboundContainerClickPacket.java:58) ~[?:?]
	at net.minecraft.network.protocol.game.ServerboundContainerClickPacket.handle(ServerboundContainerClickPacket.java:23) ~[?:?]
	at net.minecraft.network.protocol.PacketUtils.lambda$ensureRunningOnSameThread$0(PacketUtils.java:51) ~[?:?]
	at net.minecraft.server.TickTask.run(TickTask.java:18) ~[paper-1.20.1.jar:git-Paper-196]
	at net.minecraft.util.thread.BlockableEventLoop.doRunTask(BlockableEventLoop.java:153) ~[?:?]
	at net.minecraft.util.thread.ReentrantBlockableEventLoop.doRunTask(ReentrantBlockableEventLoop.java:24) ~[?:?]
	at net.minecraft.server.MinecraftServer.doRunTask(MinecraftServer.java:1338) ~[paper-1.20.1.jar:git-Paper-196]
	at net.minecraft.server.MinecraftServer.d(MinecraftServer.java:197) ~[paper-1.20.1.jar:git-Paper-196]
	at net.minecraft.util.thread.BlockableEventLoop.pollTask(BlockableEventLoop.java:126) ~[?:?]
	at net.minecraft.server.MinecraftServer.pollTaskInternal(MinecraftServer.java:1315) ~[paper-1.20.1.jar:git-Paper-196]
	at net.minecraft.server.MinecraftServer.pollTask(MinecraftServer.java:1308) ~[paper-1.20.1.jar:git-Paper-196]
	at net.minecraft.util.thread.BlockableEventLoop.managedBlock(BlockableEventLoop.java:136) ~[?:?]
	at net.minecraft.server.MinecraftServer.waitUntilNextTick(MinecraftServer.java:1286) ~[paper-1.20.1.jar:git-Paper-196]
	at net.minecraft.server.MinecraftServer.runServer(MinecraftServer.java:1174) ~[paper-1.20.1.jar:git-Paper-196]
	at net.minecraft.server.MinecraftServer.lambda$spin$0(MinecraftServer.java:317) ~[paper-1.20.1.jar:git-Paper-196]
	at java.lang.Thread.run(Thread.java:840) ~[?:?]
[00:03:32] [Server thread/ERROR]: Could not pass event InventoryClickEvent to MenuReport v8.8.1
java.lang.NoSuchMethodError: 'java.lang.String org.bukkit.inventory.Inventory.getName()'
	at report.fede.Main.click(Main.java:425) ~[MenuReport.jar:?]
	at com.destroystokyo.paper.event.executor.asm.generated.GeneratedEventExecutor139.execute(Unknown Source) ~[?:?]
	at org.bukkit.plugin.EventExecutor$2.execute(EventExecutor.java:77) ~[paper-api-1.20.1-R0.1-SNAPSHOT.jar:?]
	at co.aikar.timings.TimedEventExecutor.execute(TimedEventExecutor.java:81) ~[paper-api-1.20.1-R0.1-SNAPSHOT.jar:git-Paper-196]
	at org.bukkit.plugin.RegisteredListener.callEvent(RegisteredListener.java:70) ~[paper-api-1.20.1-R0.1-SNAPSHOT.jar:?]
	at io.papermc.paper.plugin.manager.PaperEventManager.callEvent(PaperEventManager.java:54) ~[paper-1.20.1.jar:git-Paper-196]
	at io.papermc.paper.plugin.manager.PaperPluginManagerImpl.callEvent(PaperPluginManagerImpl.java:126) ~[paper-1.20.1.jar:git-Paper-196]
	at org.bukkit.plugin.SimplePluginManager.callEvent(SimplePluginManager.java:615) ~[paper-api-1.20.1-R0.1-SNAPSHOT.jar:?]
	at net.minecraft.server.network.ServerGamePacketListenerImpl.handleContainerClick(ServerGamePacketListenerImpl.java:3237) ~[?:?]
	at net.minecraft.network.protocol.game.ServerboundContainerClickPacket.handle(ServerboundContainerClickPacket.java:58) ~[?:?]
	at net.minecraft.network.protocol.game.ServerboundContainerClickPacket.handle(ServerboundContainerClickPacket.java:23) ~[?:?]
	at net.minecraft.network.protocol.PacketUtils.lambda$ensureRunningOnSameThread$0(PacketUtils.java:51) ~[?:?]
	at net.minecraft.server.TickTask.run(TickTask.java:18) ~[paper-1.20.1.jar:git-Paper-196]
	at net.minecraft.util.thread.BlockableEventLoop.doRunTask(BlockableEventLoop.java:153) ~[?:?]
	at net.minecraft.util.thread.ReentrantBlockableEventLoop.doRunTask(ReentrantBlockableEventLoop.java:24) ~[?:?]
	at net.minecraft.server.MinecraftServer.doRunTask(MinecraftServer.java:1338) ~[paper-1.20.1.jar:git-Paper-196]
	at net.minecraft.server.MinecraftServer.d(MinecraftServer.java:197) ~[paper-1.20.1.jar:git-Paper-196]
	at net.minecraft.util.thread.BlockableEventLoop.pollTask(BlockableEventLoop.java:126) ~[?:?]
	at net.minecraft.server.MinecraftServer.pollTaskInternal(MinecraftServer.java:1315) ~[paper-1.20.1.jar:git-Paper-196]
	at net.minecraft.server.MinecraftServer.pollTask(MinecraftServer.java:1308) ~[paper-1.20.1.jar:git-Paper-196]
	at net.minecraft.util.thread.BlockableEventLoop.managedBlock(BlockableEventLoop.java:136) ~[?:?]
	at net.minecraft.server.MinecraftServer.waitUntilNextTick(MinecraftServer.java:1286) ~[paper-1.20.1.jar:git-Paper-196]
	at net.minecraft.server.MinecraftServer.runServer(MinecraftServer.java:1174) ~[paper-1.20.1.jar:git-Paper-196]
	at net.minecraft.server.MinecraftServer.lambda$spin$0(MinecraftServer.java:317) ~[paper-1.20.1.jar:git-Paper-196]
	at java.lang.Thread.run(Thread.java:840) ~[?:?]
[00:03:54] [Server thread/ERROR]: Could not pass event InventoryClickEvent to MenuReport v8.8.1
java.lang.NoSuchMethodError: 'java.lang.String org.bukkit.inventory.Inventory.getName()'
	at report.fede.Main.click(Main.java:425) ~[MenuReport.jar:?]
	at com.destroystokyo.paper.event.executor.asm.generated.GeneratedEventExecutor139.execute(Unknown Source) ~[?:?]
	at org.bukkit.plugin.EventExecutor$2.execute(EventExecutor.java:77) ~[paper-api-1.20.1-R0.1-SNAPSHOT.jar:?]
	at co.aikar.timings.TimedEventExecutor.execute(TimedEventExecutor.java:81) ~[paper-api-1.20.1-R0.1-SNAPSHOT.jar:git-Paper-196]
	at org.bukkit.plugin.RegisteredListener.callEvent(RegisteredListener.java:70) ~[paper-api-1.20.1-R0.1-SNAPSHOT.jar:?]
	at io.papermc.paper.plugin.manager.PaperEventManager.callEvent(PaperEventManager.java:54) ~[paper-1.20.1.jar:git-Paper-196]
	at io.papermc.paper.plugin.manager.PaperPluginManagerImpl.callEvent(PaperPluginManagerImpl.java:126) ~[paper-1.20.1.jar:git-Paper-196]
	at org.bukkit.plugin.SimplePluginManager.callEvent(SimplePluginManager.java:615) ~[paper-api-1.20.1-R0.1-SNAPSHOT.jar:?]
	at net.minecraft.server.network.ServerGamePacketListenerImpl.handleContainerClick(ServerGamePacketListenerImpl.java:3237) ~[?:?]
	at net.minecraft.network.protocol.game.ServerboundContainerClickPacket.handle(ServerboundContainerClickPacket.java:58) ~[?:?]
	at net.minecraft.network.protocol.game.ServerboundContainerClickPacket.handle(ServerboundContainerClickPacket.java:23) ~[?:?]
	at net.minecraft.network.protocol.PacketUtils.lambda$ensureRunningOnSameThread$0(PacketUtils.java:51) ~[?:?]
	at net.minecraft.server.TickTask.run(TickTask.java:18) ~[paper-1.20.1.jar:git-Paper-196]
	at net.minecraft.util.thread.BlockableEventLoop.doRunTask(BlockableEventLoop.java:153) ~[?:?]
	at net.minecraft.util.thread.ReentrantBlockableEventLoop.doRunTask(ReentrantBlockableEventLoop.java:24) ~[?:?]
	at net.minecraft.server.MinecraftServer.doRunTask(MinecraftServer.java:1338) ~[paper-1.20.1.jar:git-Paper-196]
	at net.minecraft.server.MinecraftServer.d(MinecraftServer.java:197) ~[paper-1.20.1.jar:git-Paper-196]
	at net.minecraft.util.thread.BlockableEventLoop.pollTask(BlockableEventLoop.java:126) ~[?:?]
	at net.minecraft.server.MinecraftServer.pollTaskInternal(MinecraftServer.java:1315) ~[paper-1.20.1.jar:git-Paper-196]
	at net.minecraft.server.MinecraftServer.pollTask(MinecraftServer.java:1308) ~[paper-1.20.1.jar:git-Paper-196]
	at net.minecraft.util.thread.BlockableEventLoop.managedBlock(BlockableEventLoop.java:136) ~[?:?]
	at net.minecraft.server.MinecraftServer.waitUntilNextTick(MinecraftServer.java:1286) ~[paper-1.20.1.jar:git-Paper-196]
	at net.minecraft.server.MinecraftServer.runServer(MinecraftServer.java:1174) ~[paper-1.20.1.jar:git-Paper-196]
	at net.minecraft.server.MinecraftServer.lambda$spin$0(MinecraftServer.java:317) ~[paper-1.20.1.jar:git-Paper-196]
	at java.lang.Thread.run(Thread.java:840) ~[?:?]
[00:03:54] [Server thread/ERROR]: Could not pass event InventoryClickEvent to MenuReport v8.8.1
java.lang.NoSuchMethodError: 'java.lang.String org.bukkit.inventory.Inventory.getName()'
	at report.fede.Main.click(Main.java:425) ~[MenuReport.jar:?]
	at com.destroystokyo.paper.event.executor.asm.generated.GeneratedEventExecutor139.execute(Unknown Source) ~[?:?]
	at org.bukkit.plugin.EventExecutor$2.execute(EventExecutor.java:77) ~[paper-api-1.20.1-R0.1-SNAPSHOT.jar:?]
	at co.aikar.timings.TimedEventExecutor.execute(TimedEventExecutor.java:81) ~[paper-api-1.20.1-R0.1-SNAPSHOT.jar:git-Paper-196]
	at org.bukkit.plugin.RegisteredListener.callEvent(RegisteredListener.java:70) ~[paper-api-1.20.1-R0.1-SNAPSHOT.jar:?]
	at io.papermc.paper.plugin.manager.PaperEventManager.callEvent(PaperEventManager.java:54) ~[paper-1.20.1.jar:git-Paper-196]
	at io.papermc.paper.plugin.manager.PaperPluginManagerImpl.callEvent(PaperPluginManagerImpl.java:126) ~[paper-1.20.1.jar:git-Paper-196]
	at org.bukkit.plugin.SimplePluginManager.callEvent(SimplePluginManager.java:615) ~[paper-api-1.20.1-R0.1-SNAPSHOT.jar:?]
	at net.minecraft.server.network.ServerGamePacketListenerImpl.handleContainerClick(ServerGamePacketListenerImpl.java:3237) ~[?:?]
	at net.minecraft.network.protocol.game.ServerboundContainerClickPacket.handle(ServerboundContainerClickPacket.java:58) ~[?:?]
	at net.minecraft.network.protocol.game.ServerboundContainerClickPacket.handle(ServerboundContainerClickPacket.java:23) ~[?:?]
	at net.minecraft.network.protocol.PacketUtils.lambda$ensureRunningOnSameThread$0(PacketUtils.java:51) ~[?:?]
	at net.minecraft.server.TickTask.run(TickTask.java:18) ~[paper-1.20.1.jar:git-Paper-196]
	at net.minecraft.util.thread.BlockableEventLoop.doRunTask(BlockableEventLoop.java:153) ~[?:?]
	at net.minecraft.util.thread.ReentrantBlockableEventLoop.doRunTask(ReentrantBlockableEventLoop.java:24) ~[?:?]
	at net.minecraft.server.MinecraftServer.doRunTask(MinecraftServer.java:1338) ~[paper-1.20.1.jar:git-Paper-196]
	at net.minecraft.server.MinecraftServer.d(MinecraftServer.java:197) ~[paper-1.20.1.jar:git-Paper-196]
	at net.minecraft.util.thread.BlockableEventLoop.pollTask(BlockableEventLoop.java:126) ~[?:?]
	at net.minecraft.server.MinecraftServer.pollTaskInternal(MinecraftServer.java:1315) ~[paper-1.20.1.jar:git-Paper-196]
	at net.minecraft.server.MinecraftServer.pollTask(MinecraftServer.java:1308) ~[paper-1.20.1.jar:git-Paper-196]
	at net.minecraft.util.thread.BlockableEventLoop.managedBlock(BlockableEventLoop.java:136) ~[?:?]
	at net.minecraft.server.MinecraftServer.waitUntilNextTick(MinecraftServer.java:1286) ~[paper-1.20.1.jar:git-Paper-196]
	at net.minecraft.server.MinecraftServer.runServer(MinecraftServer.java:1174) ~[paper-1.20.1.jar:git-Paper-196]
	at net.minecraft.server.MinecraftServer.lambda$spin$0(MinecraftServer.java:317) ~[paper-1.20.1.jar:git-Paper-196]
	at java.lang.Thread.run(Thread.java:840) ~[?:?]
[00:03:55] [Server thread/ERROR]: Could not pass event InventoryClickEvent to MenuReport v8.8.1
java.lang.NoSuchMethodError: 'java.lang.String org.bukkit.inventory.Inventory.getName()'
	at report.fede.Main.click(Main.java:425) ~[MenuReport.jar:?]
	at com.destroystokyo.paper.event.executor.asm.generated.GeneratedEventExecutor139.execute(Unknown Source) ~[?:?]
	at org.bukkit.plugin.EventExecutor$2.execute(EventExecutor.java:77) ~[paper-api-1.20.1-R0.1-SNAPSHOT.jar:?]
	at co.aikar.timings.TimedEventExecutor.execute(TimedEventExecutor.java:81) ~[paper-api-1.20.1-R0.1-SNAPSHOT.jar:git-Paper-196]
	at org.bukkit.plugin.RegisteredListener.callEvent(RegisteredListener.java:70) ~[paper-api-1.20.1-R0.1-SNAPSHOT.jar:?]
	at io.papermc.paper.plugin.manager.PaperEventManager.callEvent(PaperEventManager.java:54) ~[paper-1.20.1.jar:git-Paper-196]
	at io.papermc.paper.plugin.manager.PaperPluginManagerImpl.callEvent(PaperPluginManagerImpl.java:126) ~[paper-1.20.1.jar:git-Paper-196]
	at org.bukkit.plugin.SimplePluginManager.callEvent(SimplePluginManager.java:615) ~[paper-api-1.20.1-R0.1-SNAPSHOT.jar:?]
	at net.minecraft.server.network.ServerGamePacketListenerImpl.handleContainerClick(ServerGamePacketListenerImpl.java:3237) ~[?:?]
	at net.minecraft.network.protocol.game.ServerboundContainerClickPacket.handle(ServerboundContainerClickPacket.java:58) ~[?:?]
	at net.minecraft.network.protocol.game.ServerboundContainerClickPacket.handle(ServerboundContainerClickPacket.java:23) ~[?:?]
	at net.minecraft.network.protocol.PacketUtils.lambda$ensureRunningOnSameThread$0(PacketUtils.java:51) ~[?:?]
	at net.minecraft.server.TickTask.run(TickTask.java:18) ~[paper-1.20.1.jar:git-Paper-196]
	at net.minecraft.util.thread.BlockableEventLoop.doRunTask(BlockableEventLoop.java:153) ~[?:?]
	at net.minecraft.util.thread.ReentrantBlockableEventLoop.doRunTask(ReentrantBlockableEventLoop.java:24) ~[?:?]
	at net.minecraft.server.MinecraftServer.doRunTask(MinecraftServer.java:1338) ~[paper-1.20.1.jar:git-Paper-196]
	at net.minecraft.server.MinecraftServer.d(MinecraftServer.java:197) ~[paper-1.20.1.jar:git-Paper-196]
	at net.minecraft.util.thread.BlockableEventLoop.pollTask(BlockableEventLoop.java:126) ~[?:?]
	at net.minecraft.server.MinecraftServer.pollTaskInternal(MinecraftServer.java:1315) ~[paper-1.20.1.jar:git-Paper-196]
	at net.minecraft.server.MinecraftServer.pollTask(MinecraftServer.java:1308) ~[paper-1.20.1.jar:git-Paper-196]
	at net.minecraft.util.thread.BlockableEventLoop.managedBlock(BlockableEventLoop.java:136) ~[?:?]
	at net.minecraft.server.MinecraftServer.waitUntilNextTick(MinecraftServer.java:1286) ~[paper-1.20.1.jar:git-Paper-196]
	at net.minecraft.server.MinecraftServer.runServer(MinecraftServer.java:1174) ~[paper-1.20.1.jar:git-Paper-196]
	at net.minecraft.server.MinecraftServer.lambda$spin$0(MinecraftServer.java:317) ~[paper-1.20.1.jar:git-Paper-196]
	at java.lang.Thread.run(Thread.java:840) ~[?:?]
[00:03:59] [Server thread/ERROR]: Could not pass event InventoryClickEvent to MenuReport v8.8.1
java.lang.NoSuchMethodError: 'java.lang.String org.bukkit.inventory.Inventory.getName()'
	at report.fede.Main.click(Main.java:425) ~[MenuReport.jar:?]
	at com.destroystokyo.paper.event.executor.asm.generated.GeneratedEventExecutor139.execute(Unknown Source) ~[?:?]
	at org.bukkit.plugin.EventExecutor$2.execute(EventExecutor.java:77) ~[paper-api-1.20.1-R0.1-SNAPSHOT.jar:?]
	at co.aikar.timings.TimedEventExecutor.execute(TimedEventExecutor.java:81) ~[paper-api-1.20.1-R0.1-SNAPSHOT.jar:git-Paper-196]
	at org.bukkit.plugin.RegisteredListener.callEvent(RegisteredListener.java:70) ~[paper-api-1.20.1-R0.1-SNAPSHOT.jar:?]
	at io.papermc.paper.plugin.manager.PaperEventManager.callEvent(PaperEventManager.java:54) ~[paper-1.20.1.jar:git-Paper-196]
	at io.papermc.paper.plugin.manager.PaperPluginManagerImpl.callEvent(PaperPluginManagerImpl.java:126) ~[paper-1.20.1.jar:git-Paper-196]
	at org.bukkit.plugin.SimplePluginManager.callEvent(SimplePluginManager.java:615) ~[paper-api-1.20.1-R0.1-SNAPSHOT.jar:?]
	at net.minecraft.server.network.ServerGamePacketListenerImpl.handleContainerClick(ServerGamePacketListenerImpl.java:3237) ~[?:?]
	at net.minecraft.network.protocol.game.ServerboundContainerClickPacket.handle(ServerboundContainerClickPacket.java:58) ~[?:?]
	at net.minecraft.network.protocol.game.ServerboundContainerClickPacket.handle(ServerboundContainerClickPacket.java:23) ~[?:?]
	at net.minecraft.network.protocol.PacketUtils.lambda$ensureRunningOnSameThread$0(PacketUtils.java:51) ~[?:?]
	at net.minecraft.server.TickTask.run(TickTask.java:18) ~[paper-1.20.1.jar:git-Paper-196]
	at net.minecraft.util.thread.BlockableEventLoop.doRunTask(BlockableEventLoop.java:153) ~[?:?]
	at net.minecraft.util.thread.ReentrantBlockableEventLoop.doRunTask(ReentrantBlockableEventLoop.java:24) ~[?:?]
	at net.minecraft.server.MinecraftServer.doRunTask(MinecraftServer.java:1338) ~[paper-1.20.1.jar:git-Paper-196]
	at net.minecraft.server.MinecraftServer.d(MinecraftServer.java:197) ~[paper-1.20.1.jar:git-Paper-196]
	at net.minecraft.util.thread.BlockableEventLoop.pollTask(BlockableEventLoop.java:126) ~[?:?]
	at net.minecraft.server.MinecraftServer.pollTaskInternal(MinecraftServer.java:1315) ~[paper-1.20.1.jar:git-Paper-196]
	at net.minecraft.server.MinecraftServer.pollTask(MinecraftServer.java:1308) ~[paper-1.20.1.jar:git-Paper-196]
	at net.minecraft.util.thread.BlockableEventLoop.managedBlock(BlockableEventLoop.java:136) ~[?:?]
	at net.minecraft.server.MinecraftServer.waitUntilNextTick(MinecraftServer.java:1286) ~[paper-1.20.1.jar:git-Paper-196]
	at net.minecraft.server.MinecraftServer.runServer(MinecraftServer.java:1174) ~[paper-1.20.1.jar:git-Paper-196]
	at net.minecraft.server.MinecraftServer.lambda$spin$0(MinecraftServer.java:317) ~[paper-1.20.1.jar:git-Paper-196]
	at java.lang.Thread.run(Thread.java:840) ~[?:?]
[00:04:14] [Server thread/ERROR]: Could not pass event InventoryClickEvent to MenuReport v8.8.1
java.lang.NoSuchMethodError: 'java.lang.String org.bukkit.inventory.Inventory.getName()'
	at report.fede.Main.click(Main.java:425) ~[MenuReport.jar:?]
	at com.destroystokyo.paper.event.executor.asm.generated.GeneratedEventExecutor139.execute(Unknown Source) ~[?:?]
	at org.bukkit.plugin.EventExecutor$2.execute(EventExecutor.java:77) ~[paper-api-1.20.1-R0.1-SNAPSHOT.jar:?]
	at co.aikar.timings.TimedEventExecutor.execute(TimedEventExecutor.java:81) ~[paper-api-1.20.1-R0.1-SNAPSHOT.jar:git-Paper-196]
	at org.bukkit.plugin.RegisteredListener.callEvent(RegisteredListener.java:70) ~[paper-api-1.20.1-R0.1-SNAPSHOT.jar:?]
	at io.papermc.paper.plugin.manager.PaperEventManager.callEvent(PaperEventManager.java:54) ~[paper-1.20.1.jar:git-Paper-196]
	at io.papermc.paper.plugin.manager.PaperPluginManagerImpl.callEvent(PaperPluginManagerImpl.java:126) ~[paper-1.20.1.jar:git-Paper-196]
	at org.bukkit.plugin.SimplePluginManager.callEvent(SimplePluginManager.java:615) ~[paper-api-1.20.1-R0.1-SNAPSHOT.jar:?]
	at net.minecraft.server.network.ServerGamePacketListenerImpl.handleContainerClick(ServerGamePacketListenerImpl.java:3237) ~[?:?]
	at net.minecraft.network.protocol.game.ServerboundContainerClickPacket.handle(ServerboundContainerClickPacket.java:58) ~[?:?]
	at net.minecraft.network.protocol.game.ServerboundContainerClickPacket.handle(ServerboundContainerClickPacket.java:23) ~[?:?]
	at net.minecraft.network.protocol.PacketUtils.lambda$ensureRunningOnSameThread$0(PacketUtils.java:51) ~[?:?]
	at net.minecraft.server.TickTask.run(TickTask.java:18) ~[paper-1.20.1.jar:git-Paper-196]
	at net.minecraft.util.thread.BlockableEventLoop.doRunTask(BlockableEventLoop.java:153) ~[?:?]
	at net.minecraft.util.thread.ReentrantBlockableEventLoop.doRunTask(ReentrantBlockableEventLoop.java:24) ~[?:?]
	at net.minecraft.server.MinecraftServer.doRunTask(MinecraftServer.java:1338) ~[paper-1.20.1.jar:git-Paper-196]
	at net.minecraft.server.MinecraftServer.d(MinecraftServer.java:197) ~[paper-1.20.1.jar:git-Paper-196]
	at net.minecraft.util.thread.BlockableEventLoop.pollTask(BlockableEventLoop.java:126) ~[?:?]
	at net.minecraft.server.MinecraftServer.pollTaskInternal(MinecraftServer.java:1315) ~[paper-1.20.1.jar:git-Paper-196]
	at net.minecraft.server.MinecraftServer.pollTask(MinecraftServer.java:1308) ~[paper-1.20.1.jar:git-Paper-196]
	at net.minecraft.util.thread.BlockableEventLoop.managedBlock(BlockableEventLoop.java:136) ~[?:?]
	at net.minecraft.server.MinecraftServer.waitUntilNextTick(MinecraftServer.java:1286) ~[paper-1.20.1.jar:git-Paper-196]
	at net.minecraft.server.MinecraftServer.runServer(MinecraftServer.java:1174) ~[paper-1.20.1.jar:git-Paper-196]
	at net.minecraft.server.MinecraftServer.lambda$spin$0(MinecraftServer.java:317) ~[paper-1.20.1.jar:git-Paper-196]
	at java.lang.Thread.run(Thread.java:840) ~[?:?]
[00:04:14] [Server thread/ERROR]: Could not pass event InventoryClickEvent to MenuReport v8.8.1
java.lang.NoSuchMethodError: 'java.lang.String org.bukkit.inventory.Inventory.getName()'
	at report.fede.Main.click(Main.java:425) ~[MenuReport.jar:?]
	at com.destroystokyo.paper.event.executor.asm.generated.GeneratedEventExecutor139.execute(Unknown Source) ~[?:?]
	at org.bukkit.plugin.EventExecutor$2.execute(EventExecutor.java:77) ~[paper-api-1.20.1-R0.1-SNAPSHOT.jar:?]
	at co.aikar.timings.TimedEventExecutor.execute(TimedEventExecutor.java:81) ~[paper-api-1.20.1-R0.1-SNAPSHOT.jar:git-Paper-196]
	at org.bukkit.plugin.RegisteredListener.callEvent(RegisteredListener.java:70) ~[paper-api-1.20.1-R0.1-SNAPSHOT.jar:?]
	at io.papermc.paper.plugin.manager.PaperEventManager.callEvent(PaperEventManager.java:54) ~[paper-1.20.1.jar:git-Paper-196]
	at io.papermc.paper.plugin.manager.PaperPluginManagerImpl.callEvent(PaperPluginManagerImpl.java:126) ~[paper-1.20.1.jar:git-Paper-196]
	at org.bukkit.plugin.SimplePluginManager.callEvent(SimplePluginManager.java:615) ~[paper-api-1.20.1-R0.1-SNAPSHOT.jar:?]
	at net.minecraft.server.network.ServerGamePacketListenerImpl.handleContainerClick(ServerGamePacketListenerImpl.java:3237) ~[?:?]
	at net.minecraft.network.protocol.game.ServerboundContainerClickPacket.handle(ServerboundContainerClickPacket.java:58) ~[?:?]
	at net.minecraft.network.protocol.game.ServerboundContainerClickPacket.handle(ServerboundContainerClickPacket.java:23) ~[?:?]
	at net.minecraft.network.protocol.PacketUtils.lambda$ensureRunningOnSameThread$0(PacketUtils.java:51) ~[?:?]
	at net.minecraft.server.TickTask.run(TickTask.java:18) ~[paper-1.20.1.jar:git-Paper-196]
	at net.minecraft.util.thread.BlockableEventLoop.doRunTask(BlockableEventLoop.java:153) ~[?:?]
	at net.minecraft.util.thread.ReentrantBlockableEventLoop.doRunTask(ReentrantBlockableEventLoop.java:24) ~[?:?]
	at net.minecraft.server.MinecraftServer.doRunTask(MinecraftServer.java:1338) ~[paper-1.20.1.jar:git-Paper-196]
	at net.minecraft.server.MinecraftServer.d(MinecraftServer.java:197) ~[paper-1.20.1.jar:git-Paper-196]
	at net.minecraft.util.thread.BlockableEventLoop.pollTask(BlockableEventLoop.java:126) ~[?:?]
	at net.minecraft.server.MinecraftServer.pollTaskInternal(MinecraftServer.java:1315) ~[paper-1.20.1.jar:git-Paper-196]
	at net.minecraft.server.MinecraftServer.pollTask(MinecraftServer.java:1308) ~[paper-1.20.1.jar:git-Paper-196]
	at net.minecraft.util.thread.BlockableEventLoop.managedBlock(BlockableEventLoop.java:136) ~[?:?]
	at net.minecraft.server.MinecraftServer.waitUntilNextTick(MinecraftServer.java:1286) ~[paper-1.20.1.jar:git-Paper-196]
	at net.minecraft.server.MinecraftServer.runServer(MinecraftServer.java:1174) ~[paper-1.20.1.jar:git-Paper-196]
	at net.minecraft.server.MinecraftServer.lambda$spin$0(MinecraftServer.java:317) ~[paper-1.20.1.jar:git-Paper-196]
	at java.lang.Thread.run(Thread.java:840) ~[?:?]
[00:04:15] [Server thread/ERROR]: Could not pass event InventoryClickEvent to MenuReport v8.8.1
java.lang.NoSuchMethodError: 'java.lang.String org.bukkit.inventory.Inventory.getName()'
	at report.fede.Main.click(Main.java:425) ~[MenuReport.jar:?]
	at com.destroystokyo.paper.event.executor.asm.generated.GeneratedEventExecutor139.execute(Unknown Source) ~[?:?]
	at org.bukkit.plugin.EventExecutor$2.execute(EventExecutor.java:77) ~[paper-api-1.20.1-R0.1-SNAPSHOT.jar:?]
	at co.aikar.timings.TimedEventExecutor.execute(TimedEventExecutor.java:81) ~[paper-api-1.20.1-R0.1-SNAPSHOT.jar:git-Paper-196]
	at org.bukkit.plugin.RegisteredListener.callEvent(RegisteredListener.java:70) ~[paper-api-1.20.1-R0.1-SNAPSHOT.jar:?]
	at io.papermc.paper.plugin.manager.PaperEventManager.callEvent(PaperEventManager.java:54) ~[paper-1.20.1.jar:git-Paper-196]
	at io.papermc.paper.plugin.manager.PaperPluginManagerImpl.callEvent(PaperPluginManagerImpl.java:126) ~[paper-1.20.1.jar:git-Paper-196]
	at org.bukkit.plugin.SimplePluginManager.callEvent(SimplePluginManager.java:615) ~[paper-api-1.20.1-R0.1-SNAPSHOT.jar:?]
	at net.minecraft.server.network.ServerGamePacketListenerImpl.handleContainerClick(ServerGamePacketListenerImpl.java:3237) ~[?:?]
	at net.minecraft.network.protocol.game.ServerboundContainerClickPacket.handle(ServerboundContainerClickPacket.java:58) ~[?:?]
	at net.minecraft.network.protocol.game.ServerboundContainerClickPacket.handle(ServerboundContainerClickPacket.java:23) ~[?:?]
	at net.minecraft.network.protocol.PacketUtils.lambda$ensureRunningOnSameThread$0(PacketUtils.java:51) ~[?:?]
	at net.minecraft.server.TickTask.run(TickTask.java:18) ~[paper-1.20.1.jar:git-Paper-196]
	at net.minecraft.util.thread.BlockableEventLoop.doRunTask(BlockableEventLoop.java:153) ~[?:?]
	at net.minecraft.util.thread.ReentrantBlockableEventLoop.doRunTask(ReentrantBlockableEventLoop.java:24) ~[?:?]
	at net.minecraft.server.MinecraftServer.doRunTask(MinecraftServer.java:1338) ~[paper-1.20.1.jar:git-Paper-196]
	at net.minecraft.server.MinecraftServer.d(MinecraftServer.java:197) ~[paper-1.20.1.jar:git-Paper-196]
	at net.minecraft.util.thread.BlockableEventLoop.pollTask(BlockableEventLoop.java:126) ~[?:?]
	at net.minecraft.server.MinecraftServer.pollTaskInternal(MinecraftServer.java:1315) ~[paper-1.20.1.jar:git-Paper-196]
	at net.minecraft.server.MinecraftServer.pollTask(MinecraftServer.java:1308) ~[paper-1.20.1.jar:git-Paper-196]
	at net.minecraft.util.thread.BlockableEventLoop.managedBlock(BlockableEventLoop.java:136) ~[?:?]
	at net.minecraft.server.MinecraftServer.waitUntilNextTick(MinecraftServer.java:1286) ~[paper-1.20.1.jar:git-Paper-196]
	at net.minecraft.server.MinecraftServer.runServer(MinecraftServer.java:1174) ~[paper-1.20.1.jar:git-Paper-196]
	at net.minecraft.server.MinecraftServer.lambda$spin$0(MinecraftServer.java:317) ~[paper-1.20.1.jar:git-Paper-196]
	at java.lang.Thread.run(Thread.java:840) ~[?:?]
[00:04:15] [Server thread/ERROR]: Could not pass event InventoryClickEvent to MenuReport v8.8.1
java.lang.NoSuchMethodError: 'java.lang.String org.bukkit.inventory.Inventory.getName()'
	at report.fede.Main.click(Main.java:425) ~[MenuReport.jar:?]
	at com.destroystokyo.paper.event.executor.asm.generated.GeneratedEventExecutor139.execute(Unknown Source) ~[?:?]
	at org.bukkit.plugin.EventExecutor$2.execute(EventExecutor.java:77) ~[paper-api-1.20.1-R0.1-SNAPSHOT.jar:?]
	at co.aikar.timings.TimedEventExecutor.execute(TimedEventExecutor.java:81) ~[paper-api-1.20.1-R0.1-SNAPSHOT.jar:git-Paper-196]
	at org.bukkit.plugin.RegisteredListener.callEvent(RegisteredListener.java:70) ~[paper-api-1.20.1-R0.1-SNAPSHOT.jar:?]
	at io.papermc.paper.plugin.manager.PaperEventManager.callEvent(PaperEventManager.java:54) ~[paper-1.20.1.jar:git-Paper-196]
	at io.papermc.paper.plugin.manager.PaperPluginManagerImpl.callEvent(PaperPluginManagerImpl.java:126) ~[paper-1.20.1.jar:git-Paper-196]
	at org.bukkit.plugin.SimplePluginManager.callEvent(SimplePluginManager.java:615) ~[paper-api-1.20.1-R0.1-SNAPSHOT.jar:?]
	at net.minecraft.server.network.ServerGamePacketListenerImpl.handleContainerClick(ServerGamePacketListenerImpl.java:3237) ~[?:?]
	at net.minecraft.network.protocol.game.ServerboundContainerClickPacket.handle(ServerboundContainerClickPacket.java:58) ~[?:?]
	at net.minecraft.network.protocol.game.ServerboundContainerClickPacket.handle(ServerboundContainerClickPacket.java:23) ~[?:?]
	at net.minecraft.network.protocol.PacketUtils.lambda$ensureRunningOnSameThread$0(PacketUtils.java:51) ~[?:?]
	at net.minecraft.server.TickTask.run(TickTask.java:18) ~[paper-1.20.1.jar:git-Paper-196]
	at net.minecraft.util.thread.BlockableEventLoop.doRunTask(BlockableEventLoop.java:153) ~[?:?]
	at net.minecraft.util.thread.ReentrantBlockableEventLoop.doRunTask(ReentrantBlockableEventLoop.java:24) ~[?:?]
	at net.minecraft.server.MinecraftServer.doRunTask(MinecraftServer.java:1338) ~[paper-1.20.1.jar:git-Paper-196]
	at net.minecraft.server.MinecraftServer.d(MinecraftServer.java:197) ~[paper-1.20.1.jar:git-Paper-196]
	at net.minecraft.util.thread.BlockableEventLoop.pollTask(BlockableEventLoop.java:126) ~[?:?]
	at net.minecraft.server.MinecraftServer.pollTaskInternal(MinecraftServer.java:1315) ~[paper-1.20.1.jar:git-Paper-196]
	at net.minecraft.server.MinecraftServer.pollTask(MinecraftServer.java:1308) ~[paper-1.20.1.jar:git-Paper-196]
	at net.minecraft.util.thread.BlockableEventLoop.managedBlock(BlockableEventLoop.java:136) ~[?:?]
	at net.minecraft.server.MinecraftServer.waitUntilNextTick(MinecraftServer.java:1286) ~[paper-1.20.1.jar:git-Paper-196]
	at net.minecraft.server.MinecraftServer.runServer(MinecraftServer.java:1174) ~[paper-1.20.1.jar:git-Paper-196]
	at net.minecraft.server.MinecraftServer.lambda$spin$0(MinecraftServer.java:317) ~[paper-1.20.1.jar:git-Paper-196]
	at java.lang.Thread.run(Thread.java:840) ~[?:?]
[00:04:16] [Server thread/ERROR]: Could not pass event InventoryClickEvent to MenuReport v8.8.1
java.lang.NoSuchMethodError: 'java.lang.String org.bukkit.inventory.Inventory.getName()'
	at report.fede.Main.click(Main.java:425) ~[MenuReport.jar:?]
	at com.destroystokyo.paper.event.executor.asm.generated.GeneratedEventExecutor139.execute(Unknown Source) ~[?:?]
	at org.bukkit.plugin.EventExecutor$2.execute(EventExecutor.java:77) ~[paper-api-1.20.1-R0.1-SNAPSHOT.jar:?]
	at co.aikar.timings.TimedEventExecutor.execute(TimedEventExecutor.java:81) ~[paper-api-1.20.1-R0.1-SNAPSHOT.jar:git-Paper-196]
	at org.bukkit.plugin.RegisteredListener.callEvent(RegisteredListener.java:70) ~[paper-api-1.20.1-R0.1-SNAPSHOT.jar:?]
	at io.papermc.paper.plugin.manager.PaperEventManager.callEvent(PaperEventManager.java:54) ~[paper-1.20.1.jar:git-Paper-196]
	at io.papermc.paper.plugin.manager.PaperPluginManagerImpl.callEvent(PaperPluginManagerImpl.java:126) ~[paper-1.20.1.jar:git-Paper-196]
	at org.bukkit.plugin.SimplePluginManager.callEvent(SimplePluginManager.java:615) ~[paper-api-1.20.1-R0.1-SNAPSHOT.jar:?]
	at net.minecraft.server.network.ServerGamePacketListenerImpl.handleContainerClick(ServerGamePacketListenerImpl.java:3237) ~[?:?]
	at net.minecraft.network.protocol.game.ServerboundContainerClickPacket.handle(ServerboundContainerClickPacket.java:58) ~[?:?]
	at net.minecraft.network.protocol.game.ServerboundContainerClickPacket.handle(ServerboundContainerClickPacket.java:23) ~[?:?]
	at net.minecraft.network.protocol.PacketUtils.lambda$ensureRunningOnSameThread$0(PacketUtils.java:51) ~[?:?]
	at net.minecraft.server.TickTask.run(TickTask.java:18) ~[paper-1.20.1.jar:git-Paper-196]
	at net.minecraft.util.thread.BlockableEventLoop.doRunTask(BlockableEventLoop.java:153) ~[?:?]
	at net.minecraft.util.thread.ReentrantBlockableEventLoop.doRunTask(ReentrantBlockableEventLoop.java:24) ~[?:?]
	at net.minecraft.server.MinecraftServer.doRunTask(MinecraftServer.java:1338) ~[paper-1.20.1.jar:git-Paper-196]
	at net.minecraft.server.MinecraftServer.d(MinecraftServer.java:197) ~[paper-1.20.1.jar:git-Paper-196]
	at net.minecraft.util.thread.BlockableEventLoop.pollTask(BlockableEventLoop.java:126) ~[?:?]
	at net.minecraft.server.MinecraftServer.pollTaskInternal(MinecraftServer.java:1315) ~[paper-1.20.1.jar:git-Paper-196]
	at net.minecraft.server.MinecraftServer.pollTask(MinecraftServer.java:1308) ~[paper-1.20.1.jar:git-Paper-196]
	at net.minecraft.util.thread.BlockableEventLoop.managedBlock(BlockableEventLoop.java:136) ~[?:?]
	at net.minecraft.server.MinecraftServer.waitUntilNextTick(MinecraftServer.java:1286) ~[paper-1.20.1.jar:git-Paper-196]
	at net.minecraft.server.MinecraftServer.runServer(MinecraftServer.java:1174) ~[paper-1.20.1.jar:git-Paper-196]
	at net.minecraft.server.MinecraftServer.lambda$spin$0(MinecraftServer.java:317) ~[paper-1.20.1.jar:git-Paper-196]
	at java.lang.Thread.run(Thread.java:840) ~[?:?]
[00:04:22] [Server thread/ERROR]: Could not pass event InventoryClickEvent to MenuReport v8.8.1
java.lang.NoSuchMethodError: 'java.lang.String org.bukkit.inventory.Inventory.getName()'
	at report.fede.Main.click(Main.java:425) ~[MenuReport.jar:?]
	at com.destroystokyo.paper.event.executor.asm.generated.GeneratedEventExecutor139.execute(Unknown Source) ~[?:?]
	at org.bukkit.plugin.EventExecutor$2.execute(EventExecutor.java:77) ~[paper-api-1.20.1-R0.1-SNAPSHOT.jar:?]
	at co.aikar.timings.TimedEventExecutor.execute(TimedEventExecutor.java:81) ~[paper-api-1.20.1-R0.1-SNAPSHOT.jar:git-Paper-196]
	at org.bukkit.plugin.RegisteredListener.callEvent(RegisteredListener.java:70) ~[paper-api-1.20.1-R0.1-SNAPSHOT.jar:?]
	at io.papermc.paper.plugin.manager.PaperEventManager.callEvent(PaperEventManager.java:54) ~[paper-1.20.1.jar:git-Paper-196]
	at io.papermc.paper.plugin.manager.PaperPluginManagerImpl.callEvent(PaperPluginManagerImpl.java:126) ~[paper-1.20.1.jar:git-Paper-196]
	at org.bukkit.plugin.SimplePluginManager.callEvent(SimplePluginManager.java:615) ~[paper-api-1.20.1-R0.1-SNAPSHOT.jar:?]
	at net.minecraft.server.network.ServerGamePacketListenerImpl.handleContainerClick(ServerGamePacketListenerImpl.java:3237) ~[?:?]
	at net.minecraft.network.protocol.game.ServerboundContainerClickPacket.handle(ServerboundContainerClickPacket.java:58) ~[?:?]
	at net.minecraft.network.protocol.game.ServerboundContainerClickPacket.handle(ServerboundContainerClickPacket.java:23) ~[?:?]
	at net.minecraft.network.protocol.PacketUtils.lambda$ensureRunningOnSameThread$0(PacketUtils.java:51) ~[?:?]
	at net.minecraft.server.TickTask.run(TickTask.java:18) ~[paper-1.20.1.jar:git-Paper-196]
	at net.minecraft.util.thread.BlockableEventLoop.doRunTask(BlockableEventLoop.java:153) ~[?:?]
	at net.minecraft.util.thread.ReentrantBlockableEventLoop.doRunTask(ReentrantBlockableEventLoop.java:24) ~[?:?]
	at net.minecraft.server.MinecraftServer.doRunTask(MinecraftServer.java:1338) ~[paper-1.20.1.jar:git-Paper-196]
	at net.minecraft.server.MinecraftServer.d(MinecraftServer.java:197) ~[paper-1.20.1.jar:git-Paper-196]
	at net.minecraft.util.thread.BlockableEventLoop.pollTask(BlockableEventLoop.java:126) ~[?:?]
	at net.minecraft.server.MinecraftServer.pollTaskInternal(MinecraftServer.java:1315) ~[paper-1.20.1.jar:git-Paper-196]
	at net.minecraft.server.MinecraftServer.pollTask(MinecraftServer.java:1308) ~[paper-1.20.1.jar:git-Paper-196]
	at net.minecraft.util.thread.BlockableEventLoop.managedBlock(BlockableEventLoop.java:136) ~[?:?]
	at net.minecraft.server.MinecraftServer.waitUntilNextTick(MinecraftServer.java:1286) ~[paper-1.20.1.jar:git-Paper-196]
	at net.minecraft.server.MinecraftServer.runServer(MinecraftServer.java:1174) ~[paper-1.20.1.jar:git-Paper-196]
	at net.minecraft.server.MinecraftServer.lambda$spin$0(MinecraftServer.java:317) ~[paper-1.20.1.jar:git-Paper-196]
	at java.lang.Thread.run(Thread.java:840) ~[?:?]
[00:04:22] [Server thread/ERROR]: Could not pass event InventoryClickEvent to MenuReport v8.8.1
java.lang.NoSuchMethodError: 'java.lang.String org.bukkit.inventory.Inventory.getName()'
	at report.fede.Main.click(Main.java:425) ~[MenuReport.jar:?]
	at com.destroystokyo.paper.event.executor.asm.generated.GeneratedEventExecutor139.execute(Unknown Source) ~[?:?]
	at org.bukkit.plugin.EventExecutor$2.execute(EventExecutor.java:77) ~[paper-api-1.20.1-R0.1-SNAPSHOT.jar:?]
	at co.aikar.timings.TimedEventExecutor.execute(TimedEventExecutor.java:81) ~[paper-api-1.20.1-R0.1-SNAPSHOT.jar:git-Paper-196]
	at org.bukkit.plugin.RegisteredListener.callEvent(RegisteredListener.java:70) ~[paper-api-1.20.1-R0.1-SNAPSHOT.jar:?]
	at io.papermc.paper.plugin.manager.PaperEventManager.callEvent(PaperEventManager.java:54) ~[paper-1.20.1.jar:git-Paper-196]
	at io.papermc.paper.plugin.manager.PaperPluginManagerImpl.callEvent(PaperPluginManagerImpl.java:126) ~[paper-1.20.1.jar:git-Paper-196]
	at org.bukkit.plugin.SimplePluginManager.callEvent(SimplePluginManager.java:615) ~[paper-api-1.20.1-R0.1-SNAPSHOT.jar:?]
	at net.minecraft.server.network.ServerGamePacketListenerImpl.handleContainerClick(ServerGamePacketListenerImpl.java:3237) ~[?:?]
	at net.minecraft.network.protocol.game.ServerboundContainerClickPacket.handle(ServerboundContainerClickPacket.java:58) ~[?:?]
	at net.minecraft.network.protocol.game.ServerboundContainerClickPacket.handle(ServerboundContainerClickPacket.java:23) ~[?:?]
	at net.minecraft.network.protocol.PacketUtils.lambda$ensureRunningOnSameThread$0(PacketUtils.java:51) ~[?:?]
	at net.minecraft.server.TickTask.run(TickTask.java:18) ~[paper-1.20.1.jar:git-Paper-196]
	at net.minecraft.util.thread.BlockableEventLoop.doRunTask(BlockableEventLoop.java:153) ~[?:?]
	at net.minecraft.util.thread.ReentrantBlockableEventLoop.doRunTask(ReentrantBlockableEventLoop.java:24) ~[?:?]
	at net.minecraft.server.MinecraftServer.doRunTask(MinecraftServer.java:1338) ~[paper-1.20.1.jar:git-Paper-196]
	at net.minecraft.server.MinecraftServer.d(MinecraftServer.java:197) ~[paper-1.20.1.jar:git-Paper-196]
	at net.minecraft.util.thread.BlockableEventLoop.pollTask(BlockableEventLoop.java:126) ~[?:?]
	at net.minecraft.server.MinecraftServer.pollTaskInternal(MinecraftServer.java:1315) ~[paper-1.20.1.jar:git-Paper-196]
	at net.minecraft.server.MinecraftServer.pollTask(MinecraftServer.java:1308) ~[paper-1.20.1.jar:git-Paper-196]
	at net.minecraft.util.thread.BlockableEventLoop.managedBlock(BlockableEventLoop.java:136) ~[?:?]
	at net.minecraft.server.MinecraftServer.waitUntilNextTick(MinecraftServer.java:1286) ~[paper-1.20.1.jar:git-Paper-196]
	at net.minecraft.server.MinecraftServer.runServer(MinecraftServer.java:1174) ~[paper-1.20.1.jar:git-Paper-196]
	at net.minecraft.server.MinecraftServer.lambda$spin$0(MinecraftServer.java:317) ~[paper-1.20.1.jar:git-Paper-196]
	at java.lang.Thread.run(Thread.java:840) ~[?:?]
[00:04:23] [Server thread/ERROR]: Could not pass event InventoryClickEvent to MenuReport v8.8.1
java.lang.NoSuchMethodError: 'java.lang.String org.bukkit.inventory.Inventory.getName()'
	at report.fede.Main.click(Main.java:425) ~[MenuReport.jar:?]
	at com.destroystokyo.paper.event.executor.asm.generated.GeneratedEventExecutor139.execute(Unknown Source) ~[?:?]
	at org.bukkit.plugin.EventExecutor$2.execute(EventExecutor.java:77) ~[paper-api-1.20.1-R0.1-SNAPSHOT.jar:?]
	at co.aikar.timings.TimedEventExecutor.execute(TimedEventExecutor.java:81) ~[paper-api-1.20.1-R0.1-SNAPSHOT.jar:git-Paper-196]
	at org.bukkit.plugin.RegisteredListener.callEvent(RegisteredListener.java:70) ~[paper-api-1.20.1-R0.1-SNAPSHOT.jar:?]
	at io.papermc.paper.plugin.manager.PaperEventManager.callEvent(PaperEventManager.java:54) ~[paper-1.20.1.jar:git-Paper-196]
	at io.papermc.paper.plugin.manager.PaperPluginManagerImpl.callEvent(PaperPluginManagerImpl.java:126) ~[paper-1.20.1.jar:git-Paper-196]
	at org.bukkit.plugin.SimplePluginManager.callEvent(SimplePluginManager.java:615) ~[paper-api-1.20.1-R0.1-SNAPSHOT.jar:?]
	at net.minecraft.server.network.ServerGamePacketListenerImpl.handleContainerClick(ServerGamePacketListenerImpl.java:3237) ~[?:?]
	at net.minecraft.network.protocol.game.ServerboundContainerClickPacket.handle(ServerboundContainerClickPacket.java:58) ~[?:?]
	at net.minecraft.network.protocol.game.ServerboundContainerClickPacket.handle(ServerboundContainerClickPacket.java:23) ~[?:?]
	at net.minecraft.network.protocol.PacketUtils.lambda$ensureRunningOnSameThread$0(PacketUtils.java:51) ~[?:?]
	at net.minecraft.server.TickTask.run(TickTask.java:18) ~[paper-1.20.1.jar:git-Paper-196]
	at net.minecraft.util.thread.BlockableEventLoop.doRunTask(BlockableEventLoop.java:153) ~[?:?]
	at net.minecraft.util.thread.ReentrantBlockableEventLoop.doRunTask(ReentrantBlockableEventLoop.java:24) ~[?:?]
	at net.minecraft.server.MinecraftServer.doRunTask(MinecraftServer.java:1338) ~[paper-1.20.1.jar:git-Paper-196]
	at net.minecraft.server.MinecraftServer.d(MinecraftServer.java:197) ~[paper-1.20.1.jar:git-Paper-196]
	at net.minecraft.util.thread.BlockableEventLoop.pollTask(BlockableEventLoop.java:126) ~[?:?]
	at net.minecraft.server.MinecraftServer.pollTaskInternal(MinecraftServer.java:1315) ~[paper-1.20.1.jar:git-Paper-196]
	at net.minecraft.server.MinecraftServer.pollTask(MinecraftServer.java:1308) ~[paper-1.20.1.jar:git-Paper-196]
	at net.minecraft.util.thread.BlockableEventLoop.managedBlock(BlockableEventLoop.java:136) ~[?:?]
	at net.minecraft.server.MinecraftServer.waitUntilNextTick(MinecraftServer.java:1286) ~[paper-1.20.1.jar:git-Paper-196]
	at net.minecraft.server.MinecraftServer.runServer(MinecraftServer.java:1174) ~[paper-1.20.1.jar:git-Paper-196]
	at net.minecraft.server.MinecraftServer.lambda$spin$0(MinecraftServer.java:317) ~[paper-1.20.1.jar:git-Paper-196]
	at java.lang.Thread.run(Thread.java:840) ~[?:?]
[00:05:40] [Server thread/INFO]: Stopping the server
[00:05:40] [Server thread/INFO]: Stopping server
[00:05:40] [Server thread/INFO]: [TAB] Disabling TAB v4.1.6
[00:05:40] [Server thread/INFO]: [TAB] Disabled in 0ms
[00:05:40] [Server thread/INFO]: [BigDoorsPhysics] Disabling BigDoorsPhysics v2.4.2
[00:05:40] [Server thread/INFO]: [BigDoorsPhysics] Removing leftover colliders
[00:05:40] [Server thread/INFO]: [ActionHealth] Disabling ActionHealth v3.5.9
[00:05:40] [Server thread/INFO]: [LegendarySwords] Disabling LegendarySwords v1.0.2
[00:05:40] [Server thread/INFO]: [LegendarySwords] [STDOUT] c******************************************
[00:05:40] [Server thread/WARN]: Nag author(s): '[]' of 'LegendarySwords v1.0.2' about their usage of System.out/err.print. Please use your plugin's logger instead (JavaPlugin#getLogger).
[00:05:40] [Server thread/INFO]: [LegendarySwords] [STDOUT] c*            Legendary Swords            *
[00:05:40] [Server thread/INFO]: [LegendarySwords] [STDOUT] c*                                        *
[00:05:40] [Server thread/INFO]: [LegendarySwords] [STDOUT] c*            Created By Chiru            *
[00:05:40] [Server thread/INFO]: [LegendarySwords] [STDOUT] c*                                        *
[00:05:40] [Server thread/INFO]: [LegendarySwords] [STDOUT] c******************************************
[00:05:40] [Server thread/INFO]: [LegendarySwords] [STDOUT] cLegendary Swords, has been shutdown!
[00:05:40] [Server thread/INFO]: [LegendarySwords] [STDOUT] c******************************************
[00:05:40] [Server thread/INFO]: [AdvancedPortals] Disabling AdvancedPortals v0.9.3
[00:05:40] [Server thread/INFO]: Advanced portals are being disabled!
[00:05:40] [Server thread/INFO]: [Homes] Disabling Homes v1.5.6
[00:05:40] [Server thread/INFO]: [AuraSkills] Disabling AuraSkills v2.1.4
[00:05:40] [Server thread/INFO]: [Graves] Disabling Graves v4.9
[00:05:41] [Server thread/INFO]: [Shopkeepers] Disabling Shopkeepers v2.21.0
[00:05:41] [Server thread/INFO]: [sleep-most] Disabling sleep-most v5.4.0
[00:05:41] [Server thread/INFO]: [ClearLag] Disabling ClearLag v3.2.2
[00:05:41] [Server thread/INFO]: [ClearLag] Clearlag is now disabled!
[00:05:41] [Server thread/INFO]: [NametagEdit] Disabling NametagEdit v4.5.23
[00:05:41] [Server thread/INFO]: [LoginSecurity] Disabling LoginSecurity v3.3.0
[00:05:41] [Server thread/INFO]: [LoginSecurity] Waiting for queued tasks...
[00:05:41] [Server thread/INFO]: [LoginSecurity] ExecutorService shut down, ready to disable.
[00:05:41] [Server thread/INFO]: [MenuReport] Disabling MenuReport v8.8.1
[00:05:41] [Server thread/INFO]: ******************
[00:05:41] [Server thread/INFO]: 
[00:05:41] [Server thread/INFO]: MenuReport by @iFedeFC
[00:05:41] [Server thread/INFO]: Plugin: CDisabled
[00:05:41] [Server thread/INFO]: 
[00:05:41] [Server thread/INFO]: ******************
[00:05:41] [Server thread/INFO]: [SkinsRestorer] Disabling SkinsRestorer v15.7.6
[00:05:41] [Server thread/INFO]: [BigDoors] Disabling BigDoors vAlpha 0.1.8.60 (b1191)
[00:05:41] [Server thread/INFO]: [HolographicDisplays] Disabling HolographicDisplays v3.0.4
[00:05:41] [Server thread/INFO]: [ChestShop] Disabling ChestShop v3.12.2 (build 353)
[00:05:41] [Server thread/INFO]: [Essentials] Disabling Essentials v2.21.0-dev+93-3a6fdd9
[00:05:41] [Server thread/INFO]: [Vault] [Economy] Essentials Economy unhooked.
[00:05:41] [Server thread/INFO]: [Multiverse-Core] Disabling Multiverse-Core v4.3.1-b861
[00:05:41] [Server thread/INFO]: [ProtocolLib] Disabling ProtocolLib v5.2.0-SNAPSHOT-679
[00:05:41] [Server thread/INFO]: [Geyser-Spigot] Disabling Geyser-Spigot v2.4.0-SNAPSHOT
[00:05:41] [Server thread/INFO]: [Geyser-Spigot] Shutting down Geyser.
[00:05:41] [Server thread/INFO]: [Geyser-Spigot] Geyser shutdown successfully.
[00:05:41] [Server thread/INFO]: [BlockLocker] Disabling BlockLocker v1.12.2
[00:05:41] [Server thread/INFO]: [floodgate] Disabling floodgate v2.2.3-SNAPSHOT (b109-49bd564)
[00:05:41] [WebSocketConnectReadThread-122/INFO]: [Geyser-Spigot] The skin uploader has been closed
[00:05:41] [Server thread/INFO]: [Vault] Disabling Vault v1.7.3-b131
[00:05:41] [Server thread/INFO]: [LuckPerms] Disabling LuckPerms v5.4.131
[00:05:41] [Server thread/INFO]: [LuckPerms] Starting shutdown process...
[00:05:41] [Server thread/INFO]: [LuckPerms] Closing storage...
[00:05:41] [Server thread/INFO]: [LuckPerms] Goodbye!
[00:05:41] [Server thread/INFO]: [ViaVersion] Disabling ViaVersion v5.0.0
[00:05:41] [Server thread/INFO]: [ViaVersion] ViaVersion is disabling, if this is a reload and you experience issues consider rebooting.
[00:05:41] [Server thread/INFO]: Saving players
[00:05:41] [Server thread/INFO]: NT_ZED lost connection: Server closed
[00:05:41] [Server thread/INFO]: NT_ZED left the game
[00:05:41] [Server thread/INFO]: junior42 lost connection: Server closed
[00:05:41] [Server thread/INFO]: junior42 left the game
[00:05:41] [Server thread/INFO]: Saving worlds
[00:05:41] [Server thread/INFO]: Saving chunks for level 'ServerLevel[world]'/minecraft:overworld
[00:05:41] [Server thread/INFO]: [ChunkHolderManager] Waiting 60s for chunk system to halt for world 'world'
[00:05:41] [Server thread/INFO]: [ChunkHolderManager] Halted chunk system for world 'world'
[00:05:41] [Server thread/INFO]: [ChunkHolderManager] Saving all chunkholders for world 'world'
[00:05:42] [Server thread/INFO]: [ChunkHolderManager] Saved 1253 block chunks, 778 entity chunks, 2 poi chunks in world 'world' in 1.06s
[00:05:43] [Server thread/INFO]: ThreadedAnvilChunkStorage (world): All chunks are saved
[00:05:43] [Server thread/INFO]: Saving chunks for level 'ServerLevel[world_nether]'/minecraft:the_nether
[00:05:43] [Server thread/INFO]: [ChunkHolderManager] Waiting 60s for chunk system to halt for world 'world_nether'
[00:05:43] [Server thread/INFO]: [ChunkHolderManager] Halted chunk system for world 'world_nether'
[00:05:43] [Server thread/INFO]: [ChunkHolderManager] Saving all chunkholders for world 'world_nether'
[00:05:43] [Server thread/INFO]: [ChunkHolderManager] Saved 0 block chunks, 11 entity chunks, 0 poi chunks in world 'world_nether' in 0.00s
[00:05:43] [Server thread/INFO]: ThreadedAnvilChunkStorage (DIM-1): All chunks are saved
[00:05:43] [Server thread/INFO]: Saving chunks for level 'ServerLevel[world_the_end]'/minecraft:the_end
[00:05:43] [Server thread/INFO]: [ChunkHolderManager] Waiting 60s for chunk system to halt for world 'world_the_end'
[00:05:43] [Server thread/INFO]: [ChunkHolderManager] Halted chunk system for world 'world_the_end'
[00:05:43] [Server thread/INFO]: [ChunkHolderManager] Saving all chunkholders for world 'world_the_end'
[00:05:43] [Server thread/INFO]: [ChunkHolderManager] Saved 10 block chunks, 10 entity chunks, 0 poi chunks in world 'world_the_end' in 0.01s
[00:05:43] [Server thread/INFO]: ThreadedAnvilChunkStorage (DIM1): All chunks are saved
[00:05:43] [Server thread/INFO]: ThreadedAnvilChunkStorage: All dimensions are saved
[00:05:43] [Server thread/INFO]: Flushing Chunk IO
[00:05:43] [Server thread/INFO]: Closing Thread Pool
[00:05:43] [Server thread/INFO]: Closing Server
